<?xml version="1.0" encoding="UTF-8"?>
<coverage generated="1544543380374" clover="3.2.0">
  <project timestamp="1544543380374" name="All files">
    <metrics statements="275" coveredstatements="195" conditionals="296" coveredconditionals="204" methods="65" coveredmethods="49" elements="636" coveredelements="448" complexity="0" loc="275" ncloc="275" packages="4" files="13" classes="13">
      <package name="src">
        <metrics statements="41" coveredstatements="38" conditionals="59" coveredconditionals="57" methods="8" coveredmethods="8"/>
        <file name="const.js" path="/Users/jcapobianco/cbi_workspace/react-d3-graph/src/const.js">
          <metrics statements="0" coveredstatements="0" conditionals="0" coveredconditionals="0" methods="0" coveredmethods="0"/>
        </file>
        <file name="err.js" path="/Users/jcapobianco/cbi_workspace/react-d3-graph/src/err.js">
          <metrics statements="0" coveredstatements="0" conditionals="0" coveredconditionals="0" methods="0" coveredmethods="0"/>
        </file>
        <file name="index.js" path="/Users/jcapobianco/cbi_workspace/react-d3-graph/src/index.js">
          <metrics statements="3" coveredstatements="0" conditionals="0" coveredconditionals="0" methods="0" coveredmethods="0"/>
          <line num="1" count="0" type="stmt"/>
          <line num="2" count="0" type="stmt"/>
          <line num="3" count="0" type="stmt"/>
        </file>
        <file name="utils.js" path="/Users/jcapobianco/cbi_workspace/react-d3-graph/src/utils.js">
          <metrics statements="38" coveredstatements="38" conditionals="59" coveredconditionals="57" methods="8" coveredmethods="8"/>
          <line num="10" count="3" type="stmt"/>
          <line num="20" count="749" type="cond" truecount="4" falsecount="0"/>
          <line num="32" count="233" type="stmt"/>
          <line num="34" count="233" type="cond" truecount="4" falsecount="0"/>
          <line num="35" count="1" type="stmt"/>
          <line num="38" count="232" type="cond" truecount="6" falsecount="0"/>
          <line num="39" count="2" type="stmt"/>
          <line num="42" count="230" type="stmt"/>
          <line num="43" count="230" type="stmt"/>
          <line num="45" count="230" type="cond" truecount="2" falsecount="0"/>
          <line num="46" count="2" type="stmt"/>
          <line num="49" count="228" type="stmt"/>
          <line num="50" count="525" type="cond" truecount="2" falsecount="0"/>
          <line num="52" count="525" type="cond" truecount="4" falsecount="0"/>
          <line num="53" count="216" type="stmt"/>
          <line num="55" count="309" type="cond" truecount="4" falsecount="0"/>
          <line num="57" count="309" type="stmt"/>
          <line num="59" count="309" type="cond" truecount="2" falsecount="0"/>
          <line num="60" count="8" type="stmt"/>
          <line num="65" count="228" type="stmt"/>
          <line num="76" count="1518" type="cond" truecount="3" falsecount="0"/>
          <line num="90" count="16" type="stmt"/>
          <line num="92" count="16" type="cond" truecount="4" falsecount="0"/>
          <line num="93" count="1" type="cond" truecount="3" falsecount="1"/>
          <line num="96" count="15" type="stmt"/>
          <line num="97" count="121" type="cond" truecount="4" falsecount="0"/>
          <line num="99" count="121" type="cond" truecount="2" falsecount="0"/>
          <line num="100" count="10" type="stmt"/>
          <line num="102" count="10" type="stmt"/>
          <line num="103" count="3" type="cond" truecount="4" falsecount="0"/>
          <line num="105" count="111" type="cond" truecount="2" falsecount="0"/>
          <line num="109" count="15" type="stmt"/>
          <line num="121" count="5" type="stmt"/>
          <line num="122" count="12" type="cond" truecount="4" falsecount="0"/>
          <line num="123" count="10" type="stmt"/>
          <line num="126" count="12" type="stmt"/>
          <line num="138" count="1" type="stmt"/>
          <line num="140" count="1" type="stmt"/>
        </file>
      </package>
      <package name="src.components.graph">
        <metrics statements="189" coveredstatements="131" conditionals="209" coveredconditionals="135" methods="45" coveredmethods="32"/>
        <file name="Graph.jsx" path="/Users/jcapobianco/cbi_workspace/react-d3-graph/src/components/graph/Graph.jsx">
          <metrics statements="71" coveredstatements="18" conditionals="60" coveredconditionals="11" methods="22" coveredmethods="9"/>
          <line num="17" count="1" type="stmt"/>
          <line num="100" count="0" type="stmt"/>
          <line num="102" count="0" type="stmt"/>
          <line num="103" count="0" type="stmt"/>
          <line num="107" count="0" type="stmt"/>
          <line num="109" count="0" type="stmt"/>
          <line num="114" count="0" type="stmt"/>
          <line num="124" count="0" type="cond" truecount="0" falsecount="3"/>
          <line num="138" count="0" type="stmt"/>
          <line num="140" count="0" type="cond" truecount="0" falsecount="2"/>
          <line num="142" count="0" type="stmt"/>
          <line num="144" count="0" type="stmt"/>
          <line num="145" count="0" type="stmt"/>
          <line num="148" count="0" type="stmt"/>
          <line num="149" count="0" type="stmt"/>
          <line num="151" count="0" type="stmt"/>
          <line num="159" count="0" type="stmt"/>
          <line num="168" count="3" type="stmt"/>
          <line num="178" count="3" type="cond" truecount="0" falsecount="1"/>
          <line num="186" count="3" type="stmt"/>
          <line num="197" count="0" type="stmt"/>
          <line num="199" count="0" type="stmt"/>
          <line num="201" count="0" type="cond" truecount="0" falsecount="2"/>
          <line num="210" count="3" type="cond" truecount="2" falsecount="0"/>
          <line num="212" count="3" type="cond" truecount="2" falsecount="0"/>
          <line num="221" count="0" type="cond" truecount="0" falsecount="2"/>
          <line num="223" count="0" type="cond" truecount="0" falsecount="2"/>
          <line num="233" count="0" type="cond" truecount="0" falsecount="2"/>
          <line num="235" count="0" type="cond" truecount="0" falsecount="2"/>
          <line num="236" count="0" type="stmt"/>
          <line num="238" count="0" type="stmt"/>
          <line num="249" count="0" type="cond" truecount="0" falsecount="2"/>
          <line num="251" count="0" type="cond" truecount="0" falsecount="2"/>
          <line num="252" count="0" type="stmt"/>
          <line num="254" count="0" type="stmt"/>
          <line num="263" count="3" type="stmt"/>
          <line num="272" count="0" type="cond" truecount="0" falsecount="2"/>
          <line num="273" count="0" type="stmt"/>
          <line num="274" count="0" type="stmt"/>
          <line num="276" count="0" type="cond" truecount="0" falsecount="4"/>
          <line num="277" count="0" type="stmt"/>
          <line num="278" count="0" type="stmt"/>
          <line num="282" count="0" type="stmt"/>
          <line num="284" count="0" type="stmt"/>
          <line num="293" count="0" type="cond" truecount="0" falsecount="2"/>
          <line num="296" count="3" type="stmt"/>
          <line num="298" count="3" type="cond" truecount="1" falsecount="1"/>
          <line num="299" count="0" type="stmt"/>
          <line num="302" count="3" type="stmt"/>
          <line num="307" count="0" type="cond" truecount="0" falsecount="3"/>
          <line num="314" count="0" type="cond" truecount="0" falsecount="2"/>
          <line num="315" count="0" type="cond" truecount="0" falsecount="2"/>
          <line num="316" count="0" type="cond" truecount="0" falsecount="4"/>
          <line num="319" count="0" type="cond" truecount="0" falsecount="2"/>
          <line num="321" count="0" type="cond" truecount="0" falsecount="2"/>
          <line num="323" count="0" type="stmt"/>
          <line num="334" count="3" type="cond" truecount="2" falsecount="0"/>
          <line num="336" count="3" type="cond" truecount="2" falsecount="2"/>
          <line num="337" count="0" type="stmt"/>
          <line num="338" count="0" type="stmt"/>
          <line num="339" count="0" type="stmt"/>
          <line num="342" count="3" type="cond" truecount="1" falsecount="1"/>
          <line num="343" count="0" type="stmt"/>
          <line num="344" count="0" type="stmt"/>
          <line num="349" count="3" type="cond" truecount="1" falsecount="1"/>
          <line num="350" count="0" type="stmt"/>
          <line num="354" count="3" type="stmt"/>
          <line num="358" count="0" type="stmt"/>
          <line num="362" count="6" type="stmt"/>
          <line num="382" count="6" type="stmt"/>
          <line num="387" count="6" type="stmt"/>
        </file>
        <file name="graph.config.js" path="/Users/jcapobianco/cbi_workspace/react-d3-graph/src/components/graph/graph.config.js">
          <metrics statements="0" coveredstatements="0" conditionals="0" coveredconditionals="0" methods="0" coveredmethods="0"/>
        </file>
        <file name="graph.const.js" path="/Users/jcapobianco/cbi_workspace/react-d3-graph/src/components/graph/graph.const.js">
          <metrics statements="0" coveredstatements="0" conditionals="0" coveredconditionals="0" methods="0" coveredmethods="0"/>
        </file>
        <file name="graph.helper.js" path="/Users/jcapobianco/cbi_workspace/react-d3-graph/src/components/graph/graph.helper.js">
          <metrics statements="107" coveredstatements="102" conditionals="145" coveredconditionals="120" methods="18" coveredmethods="18"/>
          <line num="35" count="2" type="stmt"/>
          <line num="48" count="9" type="stmt"/>
          <line num="49" count="9" type="stmt"/>
          <line num="51" count="9" type="stmt"/>
          <line num="68" count="123" type="cond" truecount="3" falsecount="0"/>
          <line num="71" count="123" type="stmt"/>
          <line num="77" count="123" type="cond" truecount="4" falsecount="0"/>
          <line num="78" count="1" type="cond" truecount="1" falsecount="1"/>
          <line num="79" count="122" type="cond" truecount="2" falsecount="0"/>
          <line num="80" count="62" type="cond" truecount="2" falsecount="0"/>
          <line num="82" count="60" type="stmt"/>
          <line num="85" count="123" type="stmt"/>
          <line num="98" count="9" type="stmt"/>
          <line num="99" count="92" type="cond" truecount="2" falsecount="0"/>
          <line num="100" count="92" type="cond" truecount="2" falsecount="0"/>
          <line num="102" count="92" type="cond" truecount="2" falsecount="0"/>
          <line num="103" count="44" type="stmt"/>
          <line num="106" count="92" type="cond" truecount="2" falsecount="0"/>
          <line num="107" count="29" type="stmt"/>
          <line num="111" count="92" type="cond" truecount="2" falsecount="0"/>
          <line num="113" count="92" type="stmt"/>
          <line num="127" count="9" type="stmt"/>
          <line num="128" count="9" type="stmt"/>
          <line num="130" count="9" type="stmt"/>
          <line num="131" count="71" type="stmt"/>
          <line num="133" count="71" type="stmt"/>
          <line num="135" count="71" type="cond" truecount="2" falsecount="0"/>
          <line num="136" count="7" type="stmt"/>
          <line num="138" count="71" type="cond" truecount="2" falsecount="0"/>
          <line num="139" count="7" type="stmt"/>
          <line num="142" count="71" type="stmt"/>
          <line num="145" count="9" type="stmt"/>
          <line num="159" count="9" type="cond" truecount="4" falsecount="0"/>
          <line num="160" count="1" type="stmt"/>
          <line num="163" count="9" type="stmt"/>
          <line num="165" count="9" type="stmt"/>
          <line num="166" count="92" type="stmt"/>
          <line num="168" count="632" type="cond" truecount="2" falsecount="0"/>
          <line num="169" count="1" type="stmt"/>
          <line num="171" count="713" type="cond" truecount="2" falsecount="0"/>
          <line num="172" count="1" type="stmt"/>
          <line num="191" count="170" type="stmt"/>
          <line num="193" count="170" type="cond" truecount="3" falsecount="0"/>
          <line num="194" count="170" type="cond" truecount="3" falsecount="0"/>
          <line num="195" count="170" type="cond" truecount="3" falsecount="0"/>
          <line num="196" count="170" type="cond" truecount="3" falsecount="0"/>
          <line num="198" count="170" type="stmt"/>
          <line num="200" count="170" type="cond" truecount="1" falsecount="2"/>
          <line num="202" count="0" type="stmt"/>
          <line num="204" count="0" type="stmt"/>
          <line num="205" count="0" type="stmt"/>
          <line num="208" count="170" type="cond" truecount="2" falsecount="0"/>
          <line num="209" count="170" type="stmt"/>
          <line num="212" count="170" type="cond" truecount="3" falsecount="0"/>
          <line num="214" count="170" type="cond" truecount="2" falsecount="2"/>
          <line num="216" count="170" type="cond" truecount="2" falsecount="0"/>
          <line num="218" count="170" type="stmt"/>
          <line num="220" count="170" type="cond" truecount="4" falsecount="1"/>
          <line num="221" count="84" type="cond" truecount="2" falsecount="0"/>
          <line num="224" count="170" type="cond" truecount="2" falsecount="0"/>
          <line num="226" count="170" type="cond" truecount="2" falsecount="0"/>
          <line num="227" count="3" type="cond" truecount="1" falsecount="1"/>
          <line num="230" count="170" type="stmt"/>
          <line num="232" count="170" type="cond" truecount="1" falsecount="1"/>
          <line num="233" count="0" type="cond" truecount="0" falsecount="3"/>
          <line num="235" count="0" type="stmt"/>
          <line num="238" count="170" type="stmt"/>
          <line num="268" count="123" type="cond" truecount="3" falsecount="0"/>
          <line num="271" count="123" type="stmt"/>
          <line num="272" count="123" type="cond" truecount="2" falsecount="0"/>
          <line num="274" count="123" type="cond" truecount="4" falsecount="0"/>
          <line num="275" count="7" type="stmt"/>
          <line num="278" count="123" type="stmt"/>
          <line num="280" count="123" type="cond" truecount="4" falsecount="0"/>
          <line num="281" count="1" type="stmt"/>
          <line num="284" count="123" type="stmt"/>
          <line num="285" count="123" type="cond" truecount="2" falsecount="0"/>
          <line num="286" count="123" type="cond" truecount="2" falsecount="0"/>
          <line num="287" count="123" type="stmt"/>
          <line num="288" count="123" type="cond" truecount="2" falsecount="0"/>
          <line num="289" count="123" type="cond" truecount="2" falsecount="0"/>
          <line num="290" count="123" type="cond" truecount="2" falsecount="0"/>
          <line num="292" count="123" type="stmt"/>
          <line num="330" count="9" type="stmt"/>
          <line num="332" count="71" type="stmt"/>
          <line num="333" count="92" type="stmt"/>
          <line num="335" count="9" type="cond" truecount="5" falsecount="0"/>
          <line num="337" count="2" type="stmt"/>
          <line num="340" count="6" type="cond" truecount="2" falsecount="0"/>
          <line num="347" count="7" type="stmt"/>
          <line num="348" count="65" type="stmt"/>
          <line num="353" count="92" type="stmt"/>
          <line num="355" count="9" type="cond" truecount="2" falsecount="0"/>
          <line num="356" count="9" type="stmt"/>
          <line num="357" count="9" type="stmt"/>
          <line num="358" count="9" type="stmt"/>
          <line num="359" count="9" type="stmt"/>
          <line num="360" count="9" type="stmt"/>
          <line num="362" count="9" type="stmt"/>
          <line num="391" count="3" type="cond" truecount="1" falsecount="1"/>
          <line num="392" count="3" type="stmt"/>
          <line num="393" count="3" type="stmt"/>
          <line num="396" count="3" type="cond" truecount="3" falsecount="1"/>
          <line num="397" count="3" type="stmt"/>
          <line num="398" count="3" type="stmt"/>
          <line num="400" count="3" type="stmt"/>
          <line num="404" count="3" type="stmt"/>
        </file>
        <file name="graph.renderer.jsx" path="/Users/jcapobianco/cbi_workspace/react-d3-graph/src/components/graph/graph.renderer.jsx">
          <metrics statements="11" coveredstatements="11" conditionals="4" coveredconditionals="4" methods="5" coveredmethods="5"/>
          <line num="28" count="6" type="stmt"/>
          <line num="29" count="168" type="stmt"/>
          <line num="31" count="168" type="cond" truecount="2" falsecount="0"/>
          <line num="32" count="168" type="cond" truecount="2" falsecount="0"/>
          <line num="33" count="168" type="stmt"/>
          <line num="34" count="168" type="stmt"/>
          <line num="45" count="168" type="stmt"/>
          <line num="63" count="6" type="stmt"/>
          <line num="64" count="120" type="stmt"/>
          <line num="73" count="120" type="stmt"/>
          <line num="130" count="6" type="stmt"/>
        </file>
      </package>
      <package name="src.components.link">
        <metrics statements="7" coveredstatements="4" conditionals="6" coveredconditionals="0" methods="4" coveredmethods="1"/>
        <file name="Link.jsx" path="/Users/jcapobianco/cbi_workspace/react-d3-graph/src/components/link/Link.jsx">
          <metrics statements="7" coveredstatements="4" conditionals="6" coveredconditionals="0" methods="4" coveredmethods="1"/>
          <line num="38" count="0" type="cond" truecount="0" falsecount="2"/>
          <line num="45" count="0" type="cond" truecount="0" falsecount="2"/>
          <line num="52" count="0" type="cond" truecount="0" falsecount="2"/>
          <line num="56" count="170" type="stmt"/>
          <line num="62" count="170" type="stmt"/>
          <line num="74" count="170" type="stmt"/>
          <line num="86" count="170" type="stmt"/>
        </file>
      </package>
      <package name="src.components.node">
        <metrics statements="38" coveredstatements="22" conditionals="22" coveredconditionals="12" methods="8" coveredmethods="8"/>
        <file name="Node.jsx" path="/Users/jcapobianco/cbi_workspace/react-d3-graph/src/components/node/Node.jsx">
          <metrics statements="26" coveredstatements="17" conditionals="12" coveredconditionals="11" methods="4" coveredmethods="4"/>
          <line num="49" count="1" type="cond" truecount="2" falsecount="0"/>
          <line num="55" count="4" type="cond" truecount="2" falsecount="0"/>
          <line num="61" count="1" type="cond" truecount="2" falsecount="0"/>
          <line num="64" count="124" type="stmt"/>
          <line num="72" count="124" type="stmt"/>
          <line num="81" count="124" type="stmt"/>
          <line num="82" count="124" type="stmt"/>
          <line num="83" count="124" type="stmt"/>
          <line num="87" count="124" type="cond" truecount="1" falsecount="1"/>
          <line num="88" count="0" type="stmt"/>
          <line num="89" count="0" type="stmt"/>
          <line num="90" count="0" type="stmt"/>
          <line num="91" count="0" type="stmt"/>
          <line num="92" count="0" type="stmt"/>
          <line num="94" count="0" type="stmt"/>
          <line num="99" count="0" type="stmt"/>
          <line num="102" count="0" type="stmt"/>
          <line num="103" count="0" type="stmt"/>
          <line num="105" count="124" type="stmt"/>
          <line num="106" count="124" type="stmt"/>
          <line num="107" count="124" type="stmt"/>
          <line num="108" count="124" type="stmt"/>
          <line num="110" count="124" type="stmt"/>
          <line num="111" count="124" type="stmt"/>
          <line num="114" count="124" type="stmt"/>
          <line num="122" count="124" type="stmt"/>
        </file>
        <file name="node.const.js" path="/Users/jcapobianco/cbi_workspace/react-d3-graph/src/components/node/node.const.js">
          <metrics statements="0" coveredstatements="0" conditionals="0" coveredconditionals="0" methods="0" coveredmethods="0"/>
        </file>
        <file name="node.helper.js" path="/Users/jcapobianco/cbi_workspace/react-d3-graph/src/components/node/node.helper.js">
          <metrics statements="12" coveredstatements="5" conditionals="10" coveredconditionals="1" methods="4" coveredmethods="4"/>
          <line num="28" count="124" type="cond" truecount="1" falsecount="7"/>
          <line num="30" count="124" type="stmt"/>
          <line num="32" count="0" type="stmt"/>
          <line num="34" count="0" type="stmt"/>
          <line num="36" count="0" type="stmt"/>
          <line num="38" count="0" type="stmt"/>
          <line num="40" count="0" type="stmt"/>
          <line num="42" count="0" type="stmt"/>
          <line num="44" count="0" type="stmt"/>
          <line num="57" count="124" type="stmt"/>
          <line num="58" count="124" type="stmt"/>
          <line num="59" count="124" type="stmt"/>
        </file>
      </package>
    </metrics>
  </project>
</coverage>
