{"/Users/jcapobianco/cbi_workspace/react-d3-graph/src/const.js": {"path":"/Users/jcapobianco/cbi_workspace/react-d3-graph/src/const.js","statementMap":{},"fnMap":{},"branchMap":{},"s":{},"f":{},"b":{},"_coverageSchema":"332fd63041d2c1bcb487cc26dd0d5f7d97098a6c","hash":"807f0007e028333d102ffede91a306221af8c816"}
,"/Users/jcapobianco/cbi_workspace/react-d3-graph/src/err.js": {"path":"/Users/jcapobianco/cbi_workspace/react-d3-graph/src/err.js","statementMap":{},"fnMap":{},"branchMap":{},"s":{},"f":{},"b":{},"_coverageSchema":"332fd63041d2c1bcb487cc26dd0d5f7d97098a6c","hash":"08ccd1e63a64624e5dd9747d2726cd4d3d6612fa"}
,"/Users/jcapobianco/cbi_workspace/react-d3-graph/src/index.js": {"path":"/Users/jcapobianco/cbi_workspace/react-d3-graph/src/index.js","statementMap":{"0":{"start":{"line":1,"column":0},"end":{"line":null,"column":-1}},"1":{"start":{"line":2,"column":0},"end":{"line":null,"column":-1}},"2":{"start":{"line":3,"column":0},"end":{"line":null,"column":-1}}},"fnMap":{},"branchMap":{},"s":{"0":0,"1":0,"2":0},"f":{},"b":{}}
,"/Users/jcapobianco/cbi_workspace/react-d3-graph/src/utils.js": {"path":"/Users/jcapobianco/cbi_workspace/react-d3-graph/src/utils.js","statementMap":{"0":{"start":{"line":10,"column":18},"end":{"line":10,"column":20}},"1":{"start":{"line":20,"column":4},"end":{"line":20,"column":100}},"2":{"start":{"line":32,"column":16},"end":{"line":32,"column":18}},"3":{"start":{"line":34,"column":4},"end":{"line":36,"column":5}},"4":{"start":{"line":35,"column":8},"end":{"line":35,"column":20}},"5":{"start":{"line":38,"column":4},"end":{"line":40,"column":5}},"6":{"start":{"line":39,"column":8},"end":{"line":39,"column":21}},"7":{"start":{"line":42,"column":19},"end":{"line":42,"column":34}},"8":{"start":{"line":43,"column":19},"end":{"line":43,"column":34}},"9":{"start":{"line":45,"column":4},"end":{"line":47,"column":5}},"10":{"start":{"line":46,"column":8},"end":{"line":46,"column":21}},"11":{"start":{"line":49,"column":4},"end":{"line":63,"column":5}},"12":{"start":{"line":50,"column":24},"end":{"line":50,"column":88}},"13":{"start":{"line":52,"column":8},"end":{"line":62,"column":9}},"14":{"start":{"line":53,"column":12},"end":{"line":53,"column":62}},"15":{"start":{"line":55,"column":22},"end":{"line":55,"column":113}},"16":{"start":{"line":57,"column":12},"end":{"line":57,"column":26}},"17":{"start":{"line":59,"column":12},"end":{"line":61,"column":13}},"18":{"start":{"line":60,"column":16},"end":{"line":60,"column":22}},"19":{"start":{"line":65,"column":4},"end":{"line":65,"column":39}},"20":{"start":{"line":76,"column":4},"end":{"line":76,"column":66}},"21":{"start":{"line":90,"column":12},"end":{"line":90,"column":14}},"22":{"start":{"line":92,"column":4},"end":{"line":94,"column":5}},"23":{"start":{"line":93,"column":8},"end":{"line":93,"column":50}},"24":{"start":{"line":96,"column":4},"end":{"line":107,"column":5}},"25":{"start":{"line":97,"column":24},"end":{"line":97,"column":113}},"26":{"start":{"line":99,"column":8},"end":{"line":106,"column":9}},"27":{"start":{"line":100,"column":22},"end":{"line":100,"column":53}},"28":{"start":{"line":102,"column":12},"end":{"line":103,"column":119}},"29":{"start":{"line":103,"column":108},"end":{"line":103,"column":113}},"30":{"start":{"line":105,"column":12},"end":{"line":105,"column":56}},"31":{"start":{"line":109,"column":4},"end":{"line":109,"column":13}},"32":{"start":{"line":121,"column":4},"end":{"line":127,"column":11}},"33":{"start":{"line":122,"column":8},"end":{"line":124,"column":9}},"34":{"start":{"line":123,"column":12},"end":{"line":123,"column":26}},"35":{"start":{"line":126,"column":8},"end":{"line":126,"column":19}},"36":{"start":{"line":138,"column":18},"end":{"line":138,"column":60}},"37":{"start":{"line":140,"column":4},"end":{"line":140,"column":23}}},"fnMap":{"0":{"name":"_isPropertyNestedObject","decl":{"start":{"line":19,"column":9},"end":{"line":19,"column":32}},"loc":{"start":{"line":19,"column":39},"end":{"line":21,"column":1}},"line":19},"1":{"name":"isDeepEqual","decl":{"start":{"line":31,"column":9},"end":{"line":31,"column":20}},"loc":{"start":{"line":31,"column":41},"end":{"line":66,"column":1}},"line":31},"2":{"name":"isObjectEmpty","decl":{"start":{"line":75,"column":9},"end":{"line":75,"column":22}},"loc":{"start":{"line":75,"column":26},"end":{"line":77,"column":1}},"line":75},"3":{"name":"merge","decl":{"start":{"line":89,"column":9},"end":{"line":89,"column":14}},"loc":{"start":{"line":89,"column":45},"end":{"line":110,"column":1}},"line":89},"4":{"name":"(anonymous_4)","decl":{"start":{"line":103,"column":102},"end":{"line":103,"column":103}},"loc":{"start":{"line":103,"column":108},"end":{"line":103,"column":113}},"line":103},"5":{"name":"pick","decl":{"start":{"line":120,"column":9},"end":{"line":120,"column":13}},"loc":{"start":{"line":120,"column":24},"end":{"line":128,"column":1}},"line":120},"6":{"name":"(anonymous_6)","decl":{"start":{"line":121,"column":33},"end":{"line":121,"column":34}},"loc":{"start":{"line":121,"column":45},"end":{"line":127,"column":5}},"line":121},"7":{"name":"throwErr","decl":{"start":{"line":137,"column":9},"end":{"line":137,"column":17}},"loc":{"start":{"line":137,"column":34},"end":{"line":141,"column":1}},"line":137}},"branchMap":{"0":{"loc":{"start":{"line":20,"column":11},"end":{"line":20,"column":99}},"type":"binary-expr","locations":[{"start":{"line":20,"column":11},"end":{"line":20,"column":30}},{"start":{"line":20,"column":34},"end":{"line":20,"column":58}},{"start":{"line":20,"column":62},"end":{"line":20,"column":75}},{"start":{"line":20,"column":79},"end":{"line":20,"column":99}}],"line":20},"1":{"loc":{"start":{"line":31,"column":29},"end":{"line":31,"column":39}},"type":"default-arg","locations":[{"start":{"line":31,"column":38},"end":{"line":31,"column":39}}],"line":31},"2":{"loc":{"start":{"line":34,"column":4},"end":{"line":36,"column":5}},"type":"if","locations":[{"start":{"line":34,"column":4},"end":{"line":36,"column":5}},{"start":{"line":34,"column":4},"end":{"line":36,"column":5}}],"line":34},"3":{"loc":{"start":{"line":34,"column":8},"end":{"line":34,"column":33}},"type":"binary-expr","locations":[{"start":{"line":34,"column":8},"end":{"line":34,"column":20}},{"start":{"line":34,"column":24},"end":{"line":34,"column":33}}],"line":34},"4":{"loc":{"start":{"line":38,"column":4},"end":{"line":40,"column":5}},"type":"if","locations":[{"start":{"line":38,"column":4},"end":{"line":40,"column":5}},{"start":{"line":38,"column":4},"end":{"line":40,"column":5}}],"line":38},"5":{"loc":{"start":{"line":38,"column":8},"end":{"line":38,"column":94}},"type":"binary-expr","locations":[{"start":{"line":38,"column":9},"end":{"line":38,"column":26}},{"start":{"line":38,"column":30},"end":{"line":38,"column":48}},{"start":{"line":38,"column":54},"end":{"line":38,"column":72}},{"start":{"line":38,"column":76},"end":{"line":38,"column":93}}],"line":38},"6":{"loc":{"start":{"line":45,"column":4},"end":{"line":47,"column":5}},"type":"if","locations":[{"start":{"line":45,"column":4},"end":{"line":47,"column":5}},{"start":{"line":45,"column":4},"end":{"line":47,"column":5}}],"line":45},"7":{"loc":{"start":{"line":50,"column":24},"end":{"line":50,"column":88}},"type":"binary-expr","locations":[{"start":{"line":50,"column":24},"end":{"line":50,"column":54}},{"start":{"line":50,"column":58},"end":{"line":50,"column":88}}],"line":50},"8":{"loc":{"start":{"line":52,"column":8},"end":{"line":62,"column":9}},"type":"if","locations":[{"start":{"line":52,"column":8},"end":{"line":62,"column":9}},{"start":{"line":52,"column":8},"end":{"line":62,"column":9}}],"line":52},"9":{"loc":{"start":{"line":52,"column":12},"end":{"line":52,"column":41}},"type":"binary-expr","locations":[{"start":{"line":52,"column":12},"end":{"line":52,"column":19}},{"start":{"line":52,"column":23},"end":{"line":52,"column":41}}],"line":52},"10":{"loc":{"start":{"line":55,"column":22},"end":{"line":55,"column":113}},"type":"binary-expr","locations":[{"start":{"line":55,"column":23},"end":{"line":55,"column":43}},{"start":{"line":55,"column":47},"end":{"line":55,"column":67}},{"start":{"line":55,"column":73},"end":{"line":55,"column":93}},{"start":{"line":55,"column":97},"end":{"line":55,"column":112}}],"line":55},"11":{"loc":{"start":{"line":59,"column":12},"end":{"line":61,"column":13}},"type":"if","locations":[{"start":{"line":59,"column":12},"end":{"line":61,"column":13}},{"start":{"line":59,"column":12},"end":{"line":61,"column":13}}],"line":59},"12":{"loc":{"start":{"line":76,"column":11},"end":{"line":76,"column":65}},"type":"binary-expr","locations":[{"start":{"line":76,"column":11},"end":{"line":76,"column":14}},{"start":{"line":76,"column":18},"end":{"line":76,"column":39}},{"start":{"line":76,"column":43},"end":{"line":76,"column":65}}],"line":76},"13":{"loc":{"start":{"line":89,"column":15},"end":{"line":89,"column":22}},"type":"default-arg","locations":[{"start":{"line":89,"column":20},"end":{"line":89,"column":22}}],"line":89},"14":{"loc":{"start":{"line":89,"column":24},"end":{"line":89,"column":31}},"type":"default-arg","locations":[{"start":{"line":89,"column":29},"end":{"line":89,"column":31}}],"line":89},"15":{"loc":{"start":{"line":89,"column":33},"end":{"line":89,"column":43}},"type":"default-arg","locations":[{"start":{"line":89,"column":42},"end":{"line":89,"column":43}}],"line":89},"16":{"loc":{"start":{"line":92,"column":4},"end":{"line":94,"column":5}},"type":"if","locations":[{"start":{"line":92,"column":4},"end":{"line":94,"column":5}},{"start":{"line":92,"column":4},"end":{"line":94,"column":5}}],"line":92},"17":{"loc":{"start":{"line":92,"column":20},"end":{"line":92,"column":28}},"type":"binary-expr","locations":[{"start":{"line":92,"column":20},"end":{"line":92,"column":22}},{"start":{"line":92,"column":26},"end":{"line":92,"column":28}}],"line":92},"18":{"loc":{"start":{"line":93,"column":15},"end":{"line":93,"column":49}},"type":"cond-expr","locations":[{"start":{"line":93,"column":42},"end":{"line":93,"column":44}},{"start":{"line":93,"column":47},"end":{"line":93,"column":49}}],"line":93},"19":{"loc":{"start":{"line":93,"column":15},"end":{"line":93,"column":39}},"type":"binary-expr","locations":[{"start":{"line":93,"column":15},"end":{"line":93,"column":17}},{"start":{"line":93,"column":21},"end":{"line":93,"column":39}}],"line":93},"20":{"loc":{"start":{"line":97,"column":27},"end":{"line":97,"column":112}},"type":"binary-expr","locations":[{"start":{"line":97,"column":27},"end":{"line":97,"column":32}},{"start":{"line":97,"column":36},"end":{"line":97,"column":61}},{"start":{"line":97,"column":65},"end":{"line":97,"column":90}},{"start":{"line":97,"column":94},"end":{"line":97,"column":112}}],"line":97},"21":{"loc":{"start":{"line":99,"column":8},"end":{"line":106,"column":9}},"type":"if","locations":[{"start":{"line":99,"column":8},"end":{"line":106,"column":9}},{"start":{"line":99,"column":8},"end":{"line":106,"column":9}}],"line":99},"22":{"loc":{"start":{"line":103,"column":16},"end":{"line":103,"column":118}},"type":"cond-expr","locations":[{"start":{"line":103,"column":83},"end":{"line":103,"column":114}},{"start":{"line":103,"column":117},"end":{"line":103,"column":118}}],"line":103},"23":{"loc":{"start":{"line":103,"column":16},"end":{"line":103,"column":80}},"type":"binary-expr","locations":[{"start":{"line":103,"column":16},"end":{"line":103,"column":46}},{"start":{"line":103,"column":50},"end":{"line":103,"column":80}}],"line":103},"24":{"loc":{"start":{"line":105,"column":19},"end":{"line":105,"column":55}},"type":"cond-expr","locations":[{"start":{"line":105,"column":42},"end":{"line":105,"column":47}},{"start":{"line":105,"column":50},"end":{"line":105,"column":55}}],"line":105},"25":{"loc":{"start":{"line":122,"column":8},"end":{"line":124,"column":9}},"type":"if","locations":[{"start":{"line":122,"column":8},"end":{"line":124,"column":9}},{"start":{"line":122,"column":8},"end":{"line":124,"column":9}}],"line":122},"26":{"loc":{"start":{"line":122,"column":12},"end":{"line":122,"column":52}},"type":"binary-expr","locations":[{"start":{"line":122,"column":12},"end":{"line":122,"column":31}},{"start":{"line":122,"column":35},"end":{"line":122,"column":52}}],"line":122}},"s":{"0":3,"1":749,"2":233,"3":233,"4":1,"5":232,"6":2,"7":230,"8":230,"9":230,"10":2,"11":228,"12":525,"13":525,"14":216,"15":309,"16":309,"17":309,"18":8,"19":228,"20":1518,"21":16,"22":16,"23":1,"24":15,"25":121,"26":121,"27":10,"28":10,"29":3,"30":111,"31":15,"32":5,"33":12,"34":10,"35":12,"36":1,"37":1},"f":{"0":749,"1":233,"2":1518,"3":16,"4":3,"5":5,"6":12,"7":1},"b":{"0":[749,749,505,477],"1":[17],"2":[1,232],"3":[233,17],"4":[2,230],"5":[232,2,231,230],"6":[2,228],"7":[525,224],"8":[216,309],"9":[525,224],"10":[309,29,280,280],"11":[8,301],"12":[1518,1426,1242],"13":[0],"14":[1],"15":[6],"16":[1,15],"17":[16,1],"18":[1,0],"19":[1,1],"20":[121,41,10,10],"21":[10,111],"22":[1,9],"23":[10,1],"24":[31,80],"25":[10,2],"26":[12,12]},"_coverageSchema":"332fd63041d2c1bcb487cc26dd0d5f7d97098a6c","hash":"f3a870902ba4760e60662d08a3e69f1d6ab509cc"}
,"/Users/jcapobianco/cbi_workspace/react-d3-graph/src/components/graph/Graph.jsx": {"path":"/Users/jcapobianco/cbi_workspace/react-d3-graph/src/components/graph/Graph.jsx","statementMap":{"0":{"start":{"line":17,"column":17},"end":{"line":21,"column":1}},"1":{"start":{"line":100,"column":8},"end":{"line":100,"column":79}},"2":{"start":{"line":102,"column":26},"end":{"line":105,"column":51}},"3":{"start":{"line":103,"column":21},"end":{"line":103,"column":25}},"4":{"start":{"line":107,"column":8},"end":{"line":107,"column":70}},"5":{"start":{"line":109,"column":31},"end":{"line":112,"column":39}},"6":{"start":{"line":114,"column":8},"end":{"line":116,"column":34}},"7":{"start":{"line":124,"column":8},"end":{"line":126,"column":85}},"8":{"start":{"line":138,"column":19},"end":{"line":138,"column":37}},"9":{"start":{"line":140,"column":8},"end":{"line":152,"column":9}},"10":{"start":{"line":142,"column":30},"end":{"line":142,"column":50}},"11":{"start":{"line":144,"column":12},"end":{"line":144,"column":40}},"12":{"start":{"line":145,"column":12},"end":{"line":145,"column":40}},"13":{"start":{"line":148,"column":12},"end":{"line":148,"column":46}},"14":{"start":{"line":149,"column":12},"end":{"line":149,"column":46}},"15":{"start":{"line":151,"column":12},"end":{"line":151,"column":25}},"16":{"start":{"line":159,"column":25},"end":{"line":159,"column":47}},"17":{"start":{"line":168,"column":8},"end":{"line":170,"column":9}},"18":{"start":{"line":178,"column":28},"end":{"line":178,"column":48}},"19":{"start":{"line":186,"column":8},"end":{"line":190,"column":9}},"20":{"start":{"line":197,"column":26},"end":{"line":197,"column":43}},"21":{"start":{"line":199,"column":8},"end":{"line":199,"column":98}},"22":{"start":{"line":201,"column":8},"end":{"line":201,"column":82}},"23":{"start":{"line":210,"column":8},"end":{"line":210,"column":69}},"24":{"start":{"line":212,"column":8},"end":{"line":212,"column":91}},"25":{"start":{"line":221,"column":8},"end":{"line":221,"column":67}},"26":{"start":{"line":223,"column":8},"end":{"line":223,"column":92}},"27":{"start":{"line":233,"column":8},"end":{"line":233,"column":81}},"28":{"start":{"line":235,"column":8},"end":{"line":239,"column":9}},"29":{"start":{"line":236,"column":12},"end":{"line":236,"column":60}},"30":{"start":{"line":238,"column":12},"end":{"line":238,"column":25}},"31":{"start":{"line":249,"column":8},"end":{"line":249,"column":79}},"32":{"start":{"line":251,"column":8},"end":{"line":255,"column":9}},"33":{"start":{"line":252,"column":12},"end":{"line":252,"column":51}},"34":{"start":{"line":254,"column":12},"end":{"line":254,"column":25}},"35":{"start":{"line":263,"column":28},"end":{"line":263,"column":56}},"36":{"start":{"line":272,"column":8},"end":{"line":285,"column":9}},"37":{"start":{"line":273,"column":12},"end":{"line":280,"column":13}},"38":{"start":{"line":274,"column":27},"end":{"line":274,"column":51}},"39":{"start":{"line":276,"column":16},"end":{"line":279,"column":17}},"40":{"start":{"line":277,"column":20},"end":{"line":277,"column":55}},"41":{"start":{"line":278,"column":20},"end":{"line":278,"column":55}},"42":{"start":{"line":282,"column":12},"end":{"line":282,"column":90}},"43":{"start":{"line":284,"column":12},"end":{"line":284,"column":25}},"44":{"start":{"line":293,"column":30},"end":{"line":293,"column":95}},"45":{"start":{"line":296,"column":8},"end":{"line":296,"column":21}},"46":{"start":{"line":298,"column":8},"end":{"line":300,"column":9}},"47":{"start":{"line":299,"column":12},"end":{"line":299,"column":75}},"48":{"start":{"line":302,"column":8},"end":{"line":302,"column":78}},"49":{"start":{"line":307,"column":12},"end":{"line":312,"column":14}},"50":{"start":{"line":314,"column":12},"end":{"line":314,"column":109}},"51":{"start":{"line":315,"column":22},"end":{"line":315,"column":109}},"52":{"start":{"line":316,"column":23},"end":{"line":316,"column":110}},"53":{"start":{"line":319,"column":8},"end":{"line":319,"column":51}},"54":{"start":{"line":321,"column":26},"end":{"line":321,"column":113}},"55":{"start":{"line":323,"column":8},"end":{"line":329,"column":11}},"56":{"start":{"line":334,"column":8},"end":{"line":334,"column":64}},"57":{"start":{"line":336,"column":8},"end":{"line":340,"column":9}},"58":{"start":{"line":337,"column":12},"end":{"line":337,"column":38}},"59":{"start":{"line":338,"column":12},"end":{"line":338,"column":37}},"60":{"start":{"line":339,"column":12},"end":{"line":339,"column":55}},"61":{"start":{"line":342,"column":8},"end":{"line":345,"column":9}},"62":{"start":{"line":343,"column":12},"end":{"line":343,"column":31}},"63":{"start":{"line":344,"column":12},"end":{"line":344,"column":52}},"64":{"start":{"line":349,"column":8},"end":{"line":351,"column":9}},"65":{"start":{"line":350,"column":12},"end":{"line":350,"column":38}},"66":{"start":{"line":354,"column":8},"end":{"line":354,"column":27}},"67":{"start":{"line":358,"column":8},"end":{"line":358,"column":31}},"68":{"start":{"line":362,"column":33},"end":{"line":380,"column":9}},"69":{"start":{"line":382,"column":25},"end":{"line":385,"column":9}},"70":{"start":{"line":387,"column":8},"end":{"line":396,"column":10}}},"fnMap":{"0":{"name":"(anonymous_0)","decl":{"start":{"line":99,"column":4},"end":{"line":99,"column":5}},"loc":{"start":{"line":99,"column":25},"end":{"line":117,"column":5}},"line":99},"1":{"name":"(anonymous_1)","decl":{"start":{"line":103,"column":16},"end":{"line":103,"column":17}},"loc":{"start":{"line":103,"column":21},"end":{"line":103,"column":25}},"line":103},"2":{"name":"(anonymous_2)","decl":{"start":{"line":123,"column":17},"end":{"line":123,"column":18}},"loc":{"start":{"line":124,"column":8},"end":{"line":126,"column":85}},"line":124},"3":{"name":"(anonymous_3)","decl":{"start":{"line":137,"column":18},"end":{"line":137,"column":19}},"loc":{"start":{"line":137,"column":43},"end":{"line":153,"column":5}},"line":137},"4":{"name":"(anonymous_4)","decl":{"start":{"line":159,"column":19},"end":{"line":159,"column":20}},"loc":{"start":{"line":159,"column":25},"end":{"line":159,"column":47}},"line":159},"5":{"name":"(anonymous_5)","decl":{"start":{"line":167,"column":31},"end":{"line":167,"column":32}},"loc":{"start":{"line":168,"column":8},"end":{"line":170,"column":9}},"line":168},"6":{"name":"(anonymous_6)","decl":{"start":{"line":178,"column":12},"end":{"line":178,"column":13}},"loc":{"start":{"line":178,"column":28},"end":{"line":178,"column":48}},"line":178},"7":{"name":"(anonymous_7)","decl":{"start":{"line":185,"column":18},"end":{"line":185,"column":19}},"loc":{"start":{"line":186,"column":8},"end":{"line":190,"column":9}},"line":186},"8":{"name":"(anonymous_8)","decl":{"start":{"line":196,"column":14},"end":{"line":196,"column":15}},"loc":{"start":{"line":196,"column":20},"end":{"line":202,"column":5}},"line":196},"9":{"name":"(anonymous_9)","decl":{"start":{"line":209,"column":22},"end":{"line":209,"column":23}},"loc":{"start":{"line":209,"column":28},"end":{"line":213,"column":5}},"line":209},"10":{"name":"(anonymous_10)","decl":{"start":{"line":220,"column":21},"end":{"line":220,"column":22}},"loc":{"start":{"line":220,"column":27},"end":{"line":224,"column":5}},"line":220},"11":{"name":"(anonymous_11)","decl":{"start":{"line":232,"column":22},"end":{"line":232,"column":23}},"loc":{"start":{"line":232,"column":42},"end":{"line":240,"column":5}},"line":232},"12":{"name":"(anonymous_12)","decl":{"start":{"line":248,"column":21},"end":{"line":248,"column":22}},"loc":{"start":{"line":248,"column":41},"end":{"line":256,"column":5}},"line":248},"13":{"name":"(anonymous_13)","decl":{"start":{"line":263,"column":22},"end":{"line":263,"column":23}},"loc":{"start":{"line":263,"column":28},"end":{"line":263,"column":56}},"line":263},"14":{"name":"(anonymous_14)","decl":{"start":{"line":271,"column":26},"end":{"line":271,"column":27}},"loc":{"start":{"line":271,"column":32},"end":{"line":286,"column":5}},"line":271},"15":{"name":"(anonymous_15)","decl":{"start":{"line":293,"column":24},"end":{"line":293,"column":25}},"loc":{"start":{"line":293,"column":30},"end":{"line":293,"column":95}},"line":293},"16":{"name":"(anonymous_16)","decl":{"start":{"line":295,"column":4},"end":{"line":295,"column":5}},"loc":{"start":{"line":295,"column":23},"end":{"line":303,"column":5}},"line":295},"17":{"name":"(anonymous_17)","decl":{"start":{"line":305,"column":4},"end":{"line":305,"column":5}},"loc":{"start":{"line":305,"column":41},"end":{"line":330,"column":5}},"line":305},"18":{"name":"(anonymous_18)","decl":{"start":{"line":332,"column":4},"end":{"line":332,"column":5}},"loc":{"start":{"line":332,"column":25},"end":{"line":346,"column":5}},"line":332},"19":{"name":"(anonymous_19)","decl":{"start":{"line":348,"column":4},"end":{"line":348,"column":5}},"loc":{"start":{"line":348,"column":24},"end":{"line":355,"column":5}},"line":348},"20":{"name":"(anonymous_20)","decl":{"start":{"line":357,"column":4},"end":{"line":357,"column":5}},"loc":{"start":{"line":357,"column":27},"end":{"line":359,"column":5}},"line":357},"21":{"name":"(anonymous_21)","decl":{"start":{"line":361,"column":4},"end":{"line":361,"column":5}},"loc":{"start":{"line":361,"column":13},"end":{"line":397,"column":5}},"line":361}},"branchMap":{"0":{"loc":{"start":{"line":124,"column":8},"end":{"line":126,"column":85}},"type":"binary-expr","locations":[{"start":{"line":124,"column":8},"end":{"line":124,"column":38}},{"start":{"line":125,"column":8},"end":{"line":125,"column":57}},{"start":{"line":126,"column":8},"end":{"line":126,"column":85}}],"line":124},"1":{"loc":{"start":{"line":140,"column":8},"end":{"line":152,"column":9}},"type":"if","locations":[{"start":{"line":140,"column":8},"end":{"line":152,"column":9}},{"start":{"line":140,"column":8},"end":{"line":152,"column":9}}],"line":140},"2":{"loc":{"start":{"line":167,"column":36},"end":{"line":167,"column":49}},"type":"default-arg","locations":[{"start":{"line":167,"column":44},"end":{"line":167,"column":49}}],"line":167},"3":{"loc":{"start":{"line":178,"column":13},"end":{"line":178,"column":23}},"type":"default-arg","locations":[{"start":{"line":178,"column":21},"end":{"line":178,"column":23}}],"line":178},"4":{"loc":{"start":{"line":201,"column":8},"end":{"line":201,"column":81}},"type":"binary-expr","locations":[{"start":{"line":201,"column":8},"end":{"line":201,"column":36}},{"start":{"line":201,"column":40},"end":{"line":201,"column":81}}],"line":201},"5":{"loc":{"start":{"line":210,"column":8},"end":{"line":210,"column":68}},"type":"binary-expr","locations":[{"start":{"line":210,"column":8},"end":{"line":210,"column":34}},{"start":{"line":210,"column":38},"end":{"line":210,"column":68}}],"line":210},"6":{"loc":{"start":{"line":212,"column":8},"end":{"line":212,"column":90}},"type":"binary-expr","locations":[{"start":{"line":212,"column":8},"end":{"line":212,"column":47}},{"start":{"line":212,"column":51},"end":{"line":212,"column":90}}],"line":212},"7":{"loc":{"start":{"line":221,"column":8},"end":{"line":221,"column":66}},"type":"binary-expr","locations":[{"start":{"line":221,"column":8},"end":{"line":221,"column":33}},{"start":{"line":221,"column":37},"end":{"line":221,"column":66}}],"line":221},"8":{"loc":{"start":{"line":223,"column":8},"end":{"line":223,"column":91}},"type":"binary-expr","locations":[{"start":{"line":223,"column":8},"end":{"line":223,"column":47}},{"start":{"line":223,"column":51},"end":{"line":223,"column":91}}],"line":223},"9":{"loc":{"start":{"line":233,"column":8},"end":{"line":233,"column":80}},"type":"binary-expr","locations":[{"start":{"line":233,"column":8},"end":{"line":233,"column":34}},{"start":{"line":233,"column":38},"end":{"line":233,"column":80}}],"line":233},"10":{"loc":{"start":{"line":235,"column":8},"end":{"line":239,"column":9}},"type":"if","locations":[{"start":{"line":235,"column":8},"end":{"line":239,"column":9}},{"start":{"line":235,"column":8},"end":{"line":239,"column":9}}],"line":235},"11":{"loc":{"start":{"line":249,"column":8},"end":{"line":249,"column":78}},"type":"binary-expr","locations":[{"start":{"line":249,"column":8},"end":{"line":249,"column":33}},{"start":{"line":249,"column":37},"end":{"line":249,"column":78}}],"line":249},"12":{"loc":{"start":{"line":251,"column":8},"end":{"line":255,"column":9}},"type":"if","locations":[{"start":{"line":251,"column":8},"end":{"line":255,"column":9}},{"start":{"line":251,"column":8},"end":{"line":255,"column":9}}],"line":251},"13":{"loc":{"start":{"line":272,"column":8},"end":{"line":285,"column":9}},"type":"if","locations":[{"start":{"line":272,"column":8},"end":{"line":285,"column":9}},{"start":{"line":272,"column":8},"end":{"line":285,"column":9}}],"line":272},"14":{"loc":{"start":{"line":276,"column":16},"end":{"line":279,"column":17}},"type":"if","locations":[{"start":{"line":276,"column":16},"end":{"line":279,"column":17}},{"start":{"line":276,"column":16},"end":{"line":279,"column":17}}],"line":276},"15":{"loc":{"start":{"line":276,"column":20},"end":{"line":276,"column":38}},"type":"binary-expr","locations":[{"start":{"line":276,"column":20},"end":{"line":276,"column":27}},{"start":{"line":276,"column":31},"end":{"line":276,"column":38}}],"line":276},"16":{"loc":{"start":{"line":293,"column":30},"end":{"line":293,"column":95}},"type":"binary-expr","locations":[{"start":{"line":293,"column":30},"end":{"line":293,"column":60}},{"start":{"line":293,"column":64},"end":{"line":293,"column":95}}],"line":293},"17":{"loc":{"start":{"line":298,"column":8},"end":{"line":300,"column":9}},"type":"if","locations":[{"start":{"line":298,"column":8},"end":{"line":300,"column":9}},{"start":{"line":298,"column":8},"end":{"line":300,"column":9}}],"line":298},"18":{"loc":{"start":{"line":307,"column":12},"end":{"line":312,"column":14}},"type":"binary-expr","locations":[{"start":{"line":307,"column":12},"end":{"line":307,"column":80}},{"start":{"line":308,"column":12},"end":{"line":308,"column":80}},{"start":{"line":309,"column":12},"end":{"line":312,"column":14}}],"line":307},"19":{"loc":{"start":{"line":314,"column":12},"end":{"line":314,"column":109}},"type":"binary-expr","locations":[{"start":{"line":314,"column":12},"end":{"line":314,"column":50}},{"start":{"line":314,"column":54},"end":{"line":314,"column":109}}],"line":314},"20":{"loc":{"start":{"line":315,"column":22},"end":{"line":315,"column":109}},"type":"cond-expr","locations":[{"start":{"line":315,"column":41},"end":{"line":315,"column":96}},{"start":{"line":315,"column":99},"end":{"line":315,"column":109}}],"line":315},"21":{"loc":{"start":{"line":316,"column":23},"end":{"line":316,"column":110}},"type":"cond-expr","locations":[{"start":{"line":316,"column":39},"end":{"line":316,"column":90}},{"start":{"line":316,"column":93},"end":{"line":316,"column":110}}],"line":316},"22":{"loc":{"start":{"line":316,"column":67},"end":{"line":316,"column":89}},"type":"binary-expr","locations":[{"start":{"line":316,"column":67},"end":{"line":316,"column":83}},{"start":{"line":316,"column":87},"end":{"line":316,"column":89}}],"line":316},"23":{"loc":{"start":{"line":319,"column":8},"end":{"line":319,"column":50}},"type":"binary-expr","locations":[{"start":{"line":319,"column":8},"end":{"line":319,"column":24}},{"start":{"line":319,"column":28},"end":{"line":319,"column":50}}],"line":319},"24":{"loc":{"start":{"line":321,"column":26},"end":{"line":321,"column":113}},"type":"cond-expr","locations":[{"start":{"line":321,"column":89},"end":{"line":321,"column":90}},{"start":{"line":321,"column":93},"end":{"line":321,"column":113}}],"line":321},"25":{"loc":{"start":{"line":334,"column":8},"end":{"line":334,"column":63}},"type":"binary-expr","locations":[{"start":{"line":334,"column":8},"end":{"line":334,"column":37}},{"start":{"line":334,"column":41},"end":{"line":334,"column":63}}],"line":334},"26":{"loc":{"start":{"line":336,"column":8},"end":{"line":340,"column":9}},"type":"if","locations":[{"start":{"line":336,"column":8},"end":{"line":340,"column":9}},{"start":{"line":336,"column":8},"end":{"line":340,"column":9}}],"line":336},"27":{"loc":{"start":{"line":336,"column":12},"end":{"line":336,"column":73}},"type":"binary-expr","locations":[{"start":{"line":336,"column":12},"end":{"line":336,"column":42}},{"start":{"line":336,"column":46},"end":{"line":336,"column":73}}],"line":336},"28":{"loc":{"start":{"line":342,"column":8},"end":{"line":345,"column":9}},"type":"if","locations":[{"start":{"line":342,"column":8},"end":{"line":345,"column":9}},{"start":{"line":342,"column":8},"end":{"line":345,"column":9}}],"line":342},"29":{"loc":{"start":{"line":349,"column":8},"end":{"line":351,"column":9}},"type":"if","locations":[{"start":{"line":349,"column":8},"end":{"line":351,"column":9}},{"start":{"line":349,"column":8},"end":{"line":351,"column":9}}],"line":349}},"s":{"0":1,"1":0,"2":0,"3":0,"4":0,"5":0,"6":0,"7":0,"8":0,"9":0,"10":0,"11":0,"12":0,"13":0,"14":0,"15":0,"16":0,"17":3,"18":3,"19":3,"20":0,"21":0,"22":0,"23":3,"24":3,"25":0,"26":0,"27":0,"28":0,"29":0,"30":0,"31":0,"32":0,"33":0,"34":0,"35":3,"36":0,"37":0,"38":0,"39":0,"40":0,"41":0,"42":0,"43":0,"44":0,"45":3,"46":3,"47":0,"48":3,"49":0,"50":0,"51":0,"52":0,"53":0,"54":0,"55":0,"56":3,"57":3,"58":0,"59":0,"60":0,"61":3,"62":0,"63":0,"64":3,"65":0,"66":3,"67":0,"68":6,"69":6,"70":6},"f":{"0":0,"1":0,"2":0,"3":0,"4":0,"5":3,"6":3,"7":3,"8":0,"9":3,"10":0,"11":0,"12":0,"13":3,"14":0,"15":0,"16":3,"17":0,"18":3,"19":3,"20":0,"21":6},"b":{"0":[0,0,0],"1":[0,0],"2":[0],"3":[0],"4":[0,0],"5":[3,3],"6":[3,3],"7":[0,0],"8":[0,0],"9":[0,0],"10":[0,0],"11":[0,0],"12":[0,0],"13":[0,0],"14":[0,0],"15":[0,0],"16":[0,0],"17":[0,3],"18":[0,0,0],"19":[0,0],"20":[0,0],"21":[0,0],"22":[0,0],"23":[0,0],"24":[0,0],"25":[3,3],"26":[0,3],"27":[3,0],"28":[0,3],"29":[0,3]},"_coverageSchema":"332fd63041d2c1bcb487cc26dd0d5f7d97098a6c","hash":"ed980ca125a266577ed7c572990010f06f015381"}
,"/Users/jcapobianco/cbi_workspace/react-d3-graph/src/components/graph/graph.config.js": {"path":"/Users/jcapobianco/cbi_workspace/react-d3-graph/src/components/graph/graph.config.js","statementMap":{},"fnMap":{},"branchMap":{},"s":{},"f":{},"b":{},"_coverageSchema":"332fd63041d2c1bcb487cc26dd0d5f7d97098a6c","hash":"6e7977dd756e05cf4072a2d4ca5e07fb396bc219"}
,"/Users/jcapobianco/cbi_workspace/react-d3-graph/src/components/graph/graph.const.js": {"path":"/Users/jcapobianco/cbi_workspace/react-d3-graph/src/components/graph/graph.const.js","statementMap":{},"fnMap":{},"branchMap":{},"s":{},"f":{},"b":{},"_coverageSchema":"332fd63041d2c1bcb487cc26dd0d5f7d97098a6c","hash":"d9e88212cfb33b6d468155ffb7bfb5cc33dc80a4"}
,"/Users/jcapobianco/cbi_workspace/react-d3-graph/src/components/graph/graph.helper.js": {"path":"/Users/jcapobianco/cbi_workspace/react-d3-graph/src/components/graph/graph.helper.js","statementMap":{"0":{"start":{"line":35,"column":29},"end":{"line":35,"column":81}},"1":{"start":{"line":48,"column":16},"end":{"line":48,"column":59}},"2":{"start":{"line":49,"column":16},"end":{"line":49,"column":60}},"3":{"start":{"line":51,"column":4},"end":{"line":54,"column":25}},"4":{"start":{"line":68,"column":8},"end":{"line":70,"column":63}},"5":{"start":{"line":71,"column":32},"end":{"line":74,"column":5}},"6":{"start":{"line":77,"column":4},"end":{"line":83,"column":5}},"7":{"start":{"line":78,"column":8},"end":{"line":78,"column":76}},"8":{"start":{"line":79,"column":11},"end":{"line":83,"column":5}},"9":{"start":{"line":80,"column":8},"end":{"line":80,"column":76}},"10":{"start":{"line":82,"column":8},"end":{"line":82,"column":38}},"11":{"start":{"line":85,"column":4},"end":{"line":85,"column":19}},"12":{"start":{"line":98,"column":4},"end":{"line":114,"column":11}},"13":{"start":{"line":99,"column":23},"end":{"line":99,"column":46}},"14":{"start":{"line":100,"column":23},"end":{"line":100,"column":46}},"15":{"start":{"line":102,"column":8},"end":{"line":104,"column":9}},"16":{"start":{"line":103,"column":12},"end":{"line":103,"column":31}},"17":{"start":{"line":106,"column":8},"end":{"line":108,"column":9}},"18":{"start":{"line":107,"column":12},"end":{"line":107,"column":31}},"19":{"start":{"line":111,"column":8},"end":{"line":111,"column":69}},"20":{"start":{"line":113,"column":8},"end":{"line":113,"column":21}},"21":{"start":{"line":127,"column":16},"end":{"line":127,"column":18}},"22":{"start":{"line":128,"column":14},"end":{"line":128,"column":31}},"23":{"start":{"line":130,"column":4},"end":{"line":143,"column":5}},"24":{"start":{"line":131,"column":21},"end":{"line":131,"column":34}},"25":{"start":{"line":133,"column":8},"end":{"line":133,"column":33}},"26":{"start":{"line":135,"column":8},"end":{"line":137,"column":9}},"27":{"start":{"line":136,"column":12},"end":{"line":136,"column":23}},"28":{"start":{"line":138,"column":8},"end":{"line":140,"column":9}},"29":{"start":{"line":139,"column":12},"end":{"line":139,"column":23}},"30":{"start":{"line":142,"column":8},"end":{"line":142,"column":41}},"31":{"start":{"line":145,"column":4},"end":{"line":145,"column":17}},"32":{"start":{"line":159,"column":4},"end":{"line":161,"column":5}},"33":{"start":{"line":160,"column":8},"end":{"line":160,"column":58}},"34":{"start":{"line":163,"column":14},"end":{"line":163,"column":31}},"35":{"start":{"line":165,"column":4},"end":{"line":174,"column":5}},"36":{"start":{"line":166,"column":18},"end":{"line":166,"column":31}},"37":{"start":{"line":168,"column":8},"end":{"line":170,"column":9}},"38":{"start":{"line":168,"column":34},"end":{"line":168,"column":51}},"39":{"start":{"line":169,"column":12},"end":{"line":169,"column":109}},"40":{"start":{"line":171,"column":8},"end":{"line":173,"column":9}},"41":{"start":{"line":171,"column":34},"end":{"line":171,"column":51}},"42":{"start":{"line":172,"column":12},"end":{"line":172,"column":109}},"43":{"start":{"line":191,"column":31},"end":{"line":191,"column":35}},"44":{"start":{"line":193,"column":15},"end":{"line":193,"column":54}},"45":{"start":{"line":194,"column":15},"end":{"line":194,"column":54}},"46":{"start":{"line":195,"column":15},"end":{"line":195,"column":54}},"47":{"start":{"line":196,"column":15},"end":{"line":196,"column":54}},"48":{"start":{"line":198,"column":31},"end":{"line":198,"column":36}},"49":{"start":{"line":200,"column":4},"end":{"line":210,"column":5}},"50":{"start":{"line":202,"column":12},"end":{"line":202,"column":18}},"51":{"start":{"line":204,"column":12},"end":{"line":204,"column":40}},"52":{"start":{"line":205,"column":12},"end":{"line":205,"column":18}},"53":{"start":{"line":208,"column":12},"end":{"line":208,"column":92}},"54":{"start":{"line":209,"column":12},"end":{"line":209,"column":18}},"55":{"start":{"line":212,"column":23},"end":{"line":212,"column":101}},"56":{"start":{"line":214,"column":8},"end":{"line":215,"column":62}},"57":{"start":{"line":216,"column":22},"end":{"line":216,"column":46}},"58":{"start":{"line":218,"column":18},"end":{"line":218,"column":37}},"59":{"start":{"line":220,"column":4},"end":{"line":222,"column":5}},"60":{"start":{"line":221,"column":8},"end":{"line":221,"column":76}},"61":{"start":{"line":224,"column":17},"end":{"line":224,"column":48}},"62":{"start":{"line":226,"column":4},"end":{"line":228,"column":5}},"63":{"start":{"line":227,"column":8},"end":{"line":227,"column":117}},"64":{"start":{"line":230,"column":22},"end":{"line":230,"column":63}},"65":{"start":{"line":232,"column":4},"end":{"line":236,"column":5}},"66":{"start":{"line":233,"column":26},"end":{"line":233,"column":77}},"67":{"start":{"line":235,"column":8},"end":{"line":235,"column":52}},"68":{"start":{"line":238,"column":4},"end":{"line":252,"column":6}},"69":{"start":{"line":268,"column":8},"end":{"line":270,"column":68}},"70":{"start":{"line":271,"column":20},"end":{"line":271,"column":83}},"71":{"start":{"line":272,"column":15},"end":{"line":272,"column":46}},"72":{"start":{"line":274,"column":4},"end":{"line":276,"column":5}},"73":{"start":{"line":275,"column":8},"end":{"line":275,"column":42}},"74":{"start":{"line":278,"column":17},"end":{"line":278,"column":40}},"75":{"start":{"line":280,"column":4},"end":{"line":282,"column":5}},"76":{"start":{"line":281,"column":8},"end":{"line":281,"column":50}},"77":{"start":{"line":284,"column":14},"end":{"line":284,"column":27}},"78":{"start":{"line":285,"column":21},"end":{"line":285,"column":50}},"79":{"start":{"line":286,"column":21},"end":{"line":286,"column":85}},"80":{"start":{"line":287,"column":15},"end":{"line":287,"column":50}},"81":{"start":{"line":288,"column":24},"end":{"line":288,"column":94}},"82":{"start":{"line":289,"column":16},"end":{"line":289,"column":43}},"83":{"start":{"line":290,"column":22},"end":{"line":290,"column":61}},"84":{"start":{"line":292,"column":4},"end":{"line":314,"column":6}},"85":{"start":{"line":330,"column":4},"end":{"line":330,"column":29}},"86":{"start":{"line":332,"column":31},"end":{"line":332,"column":72}},"87":{"start":{"line":332,"column":51},"end":{"line":332,"column":71}},"88":{"start":{"line":333,"column":31},"end":{"line":333,"column":72}},"89":{"start":{"line":333,"column":51},"end":{"line":333,"column":71}},"90":{"start":{"line":335,"column":4},"end":{"line":351,"column":5}},"91":{"start":{"line":337,"column":8},"end":{"line":345,"column":10}},"92":{"start":{"line":340,"column":20},"end":{"line":342,"column":46}},"93":{"start":{"line":347,"column":8},"end":{"line":350,"column":10}},"94":{"start":{"line":348,"column":39},"end":{"line":348,"column":59}},"95":{"start":{"line":353,"column":4},"end":{"line":353,"column":60}},"96":{"start":{"line":353,"column":38},"end":{"line":353,"column":58}},"97":{"start":{"line":355,"column":20},"end":{"line":355,"column":80}},"98":{"start":{"line":356,"column":16},"end":{"line":356,"column":45}},"99":{"start":{"line":357,"column":16},"end":{"line":357,"column":45}},"100":{"start":{"line":358,"column":47},"end":{"line":358,"column":52}},"101":{"start":{"line":359,"column":23},"end":{"line":359,"column":44}},"102":{"start":{"line":360,"column":23},"end":{"line":360,"column":80}},"103":{"start":{"line":362,"column":4},"end":{"line":376,"column":6}},"104":{"start":{"line":391,"column":28},"end":{"line":391,"column":43}},"105":{"start":{"line":392,"column":17},"end":{"line":392,"column":69}},"106":{"start":{"line":393,"column":23},"end":{"line":393,"column":63}},"107":{"start":{"line":396,"column":4},"end":{"line":402,"column":5}},"108":{"start":{"line":397,"column":8},"end":{"line":401,"column":25}},"109":{"start":{"line":398,"column":32},"end":{"line":398,"column":95}},"110":{"start":{"line":400,"column":12},"end":{"line":400,"column":65}},"111":{"start":{"line":404,"column":4},"end":{"line":407,"column":6}}},"fnMap":{"0":{"name":"_createForceSimulation","decl":{"start":{"line":47,"column":9},"end":{"line":47,"column":31}},"loc":{"start":{"line":47,"column":47},"end":{"line":55,"column":1}},"line":47},"1":{"name":"_getNodeOpacity","decl":{"start":{"line":66,"column":9},"end":{"line":66,"column":24}},"loc":{"start":{"line":66,"column":73},"end":{"line":86,"column":1}},"line":66},"2":{"name":"_initializeLinks","decl":{"start":{"line":97,"column":9},"end":{"line":97,"column":25}},"loc":{"start":{"line":97,"column":38},"end":{"line":115,"column":1}},"line":97},"3":{"name":"(anonymous_3)","decl":{"start":{"line":98,"column":29},"end":{"line":98,"column":30}},"loc":{"start":{"line":98,"column":43},"end":{"line":114,"column":5}},"line":98},"4":{"name":"_initializeNodes","decl":{"start":{"line":126,"column":9},"end":{"line":126,"column":25}},"loc":{"start":{"line":126,"column":38},"end":{"line":146,"column":1}},"line":126},"5":{"name":"_validateGraphData","decl":{"start":{"line":158,"column":9},"end":{"line":158,"column":27}},"loc":{"start":{"line":158,"column":34},"end":{"line":175,"column":1}},"line":158},"6":{"name":"(anonymous_6)","decl":{"start":{"line":168,"column":29},"end":{"line":168,"column":30}},"loc":{"start":{"line":168,"column":34},"end":{"line":168,"column":51}},"line":168},"7":{"name":"(anonymous_7)","decl":{"start":{"line":171,"column":29},"end":{"line":171,"column":30}},"loc":{"start":{"line":171,"column":34},"end":{"line":171,"column":51}},"line":171},"8":{"name":"buildLinkProps","decl":{"start":{"line":190,"column":9},"end":{"line":190,"column":23}},"loc":{"start":{"line":190,"column":112},"end":{"line":253,"column":1}},"line":190},"9":{"name":"buildNodeProps","decl":{"start":{"line":266,"column":9},"end":{"line":266,"column":23}},"loc":{"start":{"line":266,"column":103},"end":{"line":315,"column":1}},"line":266},"10":{"name":"initializeGraphState","decl":{"start":{"line":327,"column":9},"end":{"line":327,"column":29}},"loc":{"start":{"line":327,"column":59},"end":{"line":377,"column":1}},"line":327},"11":{"name":"(anonymous_11)","decl":{"start":{"line":332,"column":46},"end":{"line":332,"column":47}},"loc":{"start":{"line":332,"column":51},"end":{"line":332,"column":71}},"line":332},"12":{"name":"(anonymous_12)","decl":{"start":{"line":333,"column":46},"end":{"line":333,"column":47}},"loc":{"start":{"line":333,"column":51},"end":{"line":333,"column":71}},"line":333},"13":{"name":"(anonymous_13)","decl":{"start":{"line":339,"column":16},"end":{"line":339,"column":17}},"loc":{"start":{"line":340,"column":20},"end":{"line":342,"column":46}},"line":340},"14":{"name":"(anonymous_14)","decl":{"start":{"line":348,"column":34},"end":{"line":348,"column":35}},"loc":{"start":{"line":348,"column":39},"end":{"line":348,"column":59}},"line":348},"15":{"name":"(anonymous_15)","decl":{"start":{"line":353,"column":33},"end":{"line":353,"column":34}},"loc":{"start":{"line":353,"column":38},"end":{"line":353,"column":58}},"line":353},"16":{"name":"updateNodeHighlightedValue","decl":{"start":{"line":390,"column":9},"end":{"line":390,"column":35}},"loc":{"start":{"line":390,"column":77},"end":{"line":408,"column":1}},"line":390},"17":{"name":"(anonymous_17)","decl":{"start":{"line":397,"column":53},"end":{"line":397,"column":54}},"loc":{"start":{"line":397,"column":70},"end":{"line":401,"column":9}},"line":397}},"branchMap":{"0":{"loc":{"start":{"line":68,"column":8},"end":{"line":70,"column":63}},"type":"binary-expr","locations":[{"start":{"line":68,"column":8},"end":{"line":68,"column":24}},{"start":{"line":69,"column":8},"end":{"line":69,"column":63}},{"start":{"line":70,"column":8},"end":{"line":70,"column":63}}],"line":68},"1":{"loc":{"start":{"line":69,"column":21},"end":{"line":69,"column":62}},"type":"binary-expr","locations":[{"start":{"line":69,"column":21},"end":{"line":69,"column":36}},{"start":{"line":69,"column":40},"end":{"line":69,"column":62}}],"line":69},"2":{"loc":{"start":{"line":70,"column":21},"end":{"line":70,"column":62}},"type":"binary-expr","locations":[{"start":{"line":70,"column":21},"end":{"line":70,"column":36}},{"start":{"line":70,"column":40},"end":{"line":70,"column":62}}],"line":70},"3":{"loc":{"start":{"line":72,"column":8},"end":{"line":73,"column":77}},"type":"binary-expr","locations":[{"start":{"line":72,"column":8},"end":{"line":72,"column":23}},{"start":{"line":73,"column":9},"end":{"line":73,"column":24}},{"start":{"line":73,"column":28},"end":{"line":73,"column":50}},{"start":{"line":73,"column":54},"end":{"line":73,"column":76}}],"line":72},"4":{"loc":{"start":{"line":77,"column":4},"end":{"line":83,"column":5}},"type":"if","locations":[{"start":{"line":77,"column":4},"end":{"line":83,"column":5}},{"start":{"line":77,"column":4},"end":{"line":83,"column":5}}],"line":77},"5":{"loc":{"start":{"line":77,"column":8},"end":{"line":77,"column":59}},"type":"binary-expr","locations":[{"start":{"line":77,"column":8},"end":{"line":77,"column":27}},{"start":{"line":77,"column":31},"end":{"line":77,"column":59}}],"line":77},"6":{"loc":{"start":{"line":78,"column":18},"end":{"line":78,"column":75}},"type":"cond-expr","locations":[{"start":{"line":78,"column":30},"end":{"line":78,"column":49}},{"start":{"line":78,"column":52},"end":{"line":78,"column":75}}],"line":78},"7":{"loc":{"start":{"line":79,"column":11},"end":{"line":83,"column":5}},"type":"if","locations":[{"start":{"line":79,"column":11},"end":{"line":83,"column":5}},{"start":{"line":79,"column":11},"end":{"line":83,"column":5}}],"line":79},"8":{"loc":{"start":{"line":80,"column":18},"end":{"line":80,"column":75}},"type":"cond-expr","locations":[{"start":{"line":80,"column":30},"end":{"line":80,"column":49}},{"start":{"line":80,"column":52},"end":{"line":80,"column":75}}],"line":80},"9":{"loc":{"start":{"line":99,"column":23},"end":{"line":99,"column":46}},"type":"binary-expr","locations":[{"start":{"line":99,"column":23},"end":{"line":99,"column":34}},{"start":{"line":99,"column":38},"end":{"line":99,"column":46}}],"line":99},"10":{"loc":{"start":{"line":100,"column":23},"end":{"line":100,"column":46}},"type":"binary-expr","locations":[{"start":{"line":100,"column":23},"end":{"line":100,"column":34}},{"start":{"line":100,"column":38},"end":{"line":100,"column":46}}],"line":100},"11":{"loc":{"start":{"line":102,"column":8},"end":{"line":104,"column":9}},"type":"if","locations":[{"start":{"line":102,"column":8},"end":{"line":104,"column":9}},{"start":{"line":102,"column":8},"end":{"line":104,"column":9}}],"line":102},"12":{"loc":{"start":{"line":106,"column":8},"end":{"line":108,"column":9}},"type":"if","locations":[{"start":{"line":106,"column":8},"end":{"line":108,"column":9}},{"start":{"line":106,"column":8},"end":{"line":108,"column":9}}],"line":106},"13":{"loc":{"start":{"line":111,"column":56},"end":{"line":111,"column":68}},"type":"binary-expr","locations":[{"start":{"line":111,"column":56},"end":{"line":111,"column":63}},{"start":{"line":111,"column":67},"end":{"line":111,"column":68}}],"line":111},"14":{"loc":{"start":{"line":135,"column":8},"end":{"line":137,"column":9}},"type":"if","locations":[{"start":{"line":135,"column":8},"end":{"line":137,"column":9}},{"start":{"line":135,"column":8},"end":{"line":137,"column":9}}],"line":135},"15":{"loc":{"start":{"line":138,"column":8},"end":{"line":140,"column":9}},"type":"if","locations":[{"start":{"line":138,"column":8},"end":{"line":140,"column":9}},{"start":{"line":138,"column":8},"end":{"line":140,"column":9}}],"line":138},"16":{"loc":{"start":{"line":159,"column":4},"end":{"line":161,"column":5}},"type":"if","locations":[{"start":{"line":159,"column":4},"end":{"line":161,"column":5}},{"start":{"line":159,"column":4},"end":{"line":161,"column":5}}],"line":159},"17":{"loc":{"start":{"line":159,"column":8},"end":{"line":159,"column":41}},"type":"binary-expr","locations":[{"start":{"line":159,"column":8},"end":{"line":159,"column":19}},{"start":{"line":159,"column":23},"end":{"line":159,"column":41}}],"line":159},"18":{"loc":{"start":{"line":168,"column":8},"end":{"line":170,"column":9}},"type":"if","locations":[{"start":{"line":168,"column":8},"end":{"line":170,"column":9}},{"start":{"line":168,"column":8},"end":{"line":170,"column":9}}],"line":168},"19":{"loc":{"start":{"line":171,"column":8},"end":{"line":173,"column":9}},"type":"if","locations":[{"start":{"line":171,"column":8},"end":{"line":173,"column":9}},{"start":{"line":171,"column":8},"end":{"line":173,"column":9}}],"line":171},"20":{"loc":{"start":{"line":193,"column":15},"end":{"line":193,"column":54}},"type":"binary-expr","locations":[{"start":{"line":193,"column":16},"end":{"line":193,"column":29}},{"start":{"line":193,"column":33},"end":{"line":193,"column":48}},{"start":{"line":193,"column":53},"end":{"line":193,"column":54}}],"line":193},"21":{"loc":{"start":{"line":194,"column":15},"end":{"line":194,"column":54}},"type":"binary-expr","locations":[{"start":{"line":194,"column":16},"end":{"line":194,"column":29}},{"start":{"line":194,"column":33},"end":{"line":194,"column":48}},{"start":{"line":194,"column":53},"end":{"line":194,"column":54}}],"line":194},"22":{"loc":{"start":{"line":195,"column":15},"end":{"line":195,"column":54}},"type":"binary-expr","locations":[{"start":{"line":195,"column":16},"end":{"line":195,"column":29}},{"start":{"line":195,"column":33},"end":{"line":195,"column":48}},{"start":{"line":195,"column":53},"end":{"line":195,"column":54}}],"line":195},"23":{"loc":{"start":{"line":196,"column":15},"end":{"line":196,"column":54}},"type":"binary-expr","locations":[{"start":{"line":196,"column":16},"end":{"line":196,"column":29}},{"start":{"line":196,"column":33},"end":{"line":196,"column":48}},{"start":{"line":196,"column":53},"end":{"line":196,"column":54}}],"line":196},"24":{"loc":{"start":{"line":200,"column":4},"end":{"line":210,"column":5}},"type":"switch","locations":[{"start":{"line":201,"column":8},"end":{"line":202,"column":18}},{"start":{"line":203,"column":8},"end":{"line":205,"column":18}},{"start":{"line":206,"column":8},"end":{"line":209,"column":18}}],"line":200},"25":{"loc":{"start":{"line":208,"column":35},"end":{"line":208,"column":91}},"type":"binary-expr","locations":[{"start":{"line":208,"column":35},"end":{"line":208,"column":61}},{"start":{"line":208,"column":65},"end":{"line":208,"column":91}}],"line":208},"26":{"loc":{"start":{"line":212,"column":23},"end":{"line":212,"column":101}},"type":"binary-expr","locations":[{"start":{"line":212,"column":23},"end":{"line":212,"column":43}},{"start":{"line":212,"column":47},"end":{"line":212,"column":72}},{"start":{"line":212,"column":76},"end":{"line":212,"column":101}}],"line":212},"27":{"loc":{"start":{"line":214,"column":8},"end":{"line":215,"column":62}},"type":"binary-expr","locations":[{"start":{"line":214,"column":8},"end":{"line":214,"column":62}},{"start":{"line":215,"column":8},"end":{"line":215,"column":62}}],"line":214},"28":{"loc":{"start":{"line":214,"column":20},"end":{"line":214,"column":61}},"type":"binary-expr","locations":[{"start":{"line":214,"column":20},"end":{"line":214,"column":35}},{"start":{"line":214,"column":39},"end":{"line":214,"column":61}}],"line":214},"29":{"loc":{"start":{"line":215,"column":20},"end":{"line":215,"column":61}},"type":"binary-expr","locations":[{"start":{"line":215,"column":20},"end":{"line":215,"column":35}},{"start":{"line":215,"column":39},"end":{"line":215,"column":61}}],"line":215},"30":{"loc":{"start":{"line":216,"column":22},"end":{"line":216,"column":46}},"type":"binary-expr","locations":[{"start":{"line":216,"column":22},"end":{"line":216,"column":32}},{"start":{"line":216,"column":36},"end":{"line":216,"column":46}}],"line":216},"31":{"loc":{"start":{"line":220,"column":4},"end":{"line":222,"column":5}},"type":"if","locations":[{"start":{"line":220,"column":4},"end":{"line":222,"column":5}},{"start":{"line":220,"column":4},"end":{"line":222,"column":5}}],"line":220},"32":{"loc":{"start":{"line":220,"column":8},"end":{"line":220,"column":70}},"type":"binary-expr","locations":[{"start":{"line":220,"column":8},"end":{"line":220,"column":23}},{"start":{"line":220,"column":28},"end":{"line":220,"column":43}},{"start":{"line":220,"column":47},"end":{"line":220,"column":69}}],"line":220},"33":{"loc":{"start":{"line":221,"column":18},"end":{"line":221,"column":75}},"type":"cond-expr","locations":[{"start":{"line":221,"column":30},"end":{"line":221,"column":49}},{"start":{"line":221,"column":52},"end":{"line":221,"column":75}}],"line":221},"34":{"loc":{"start":{"line":224,"column":17},"end":{"line":224,"column":48}},"type":"binary-expr","locations":[{"start":{"line":224,"column":17},"end":{"line":224,"column":27}},{"start":{"line":224,"column":31},"end":{"line":224,"column":48}}],"line":224},"35":{"loc":{"start":{"line":226,"column":4},"end":{"line":228,"column":5}},"type":"if","locations":[{"start":{"line":226,"column":4},"end":{"line":228,"column":5}},{"start":{"line":226,"column":4},"end":{"line":228,"column":5}}],"line":226},"36":{"loc":{"start":{"line":227,"column":17},"end":{"line":227,"column":116}},"type":"cond-expr","locations":[{"start":{"line":227,"column":70},"end":{"line":227,"column":87}},{"start":{"line":227,"column":90},"end":{"line":227,"column":116}}],"line":227},"37":{"loc":{"start":{"line":232,"column":4},"end":{"line":236,"column":5}},"type":"if","locations":[{"start":{"line":232,"column":4},"end":{"line":236,"column":5}},{"start":{"line":232,"column":4},"end":{"line":236,"column":5}}],"line":232},"38":{"loc":{"start":{"line":233,"column":26},"end":{"line":233,"column":77}},"type":"binary-expr","locations":[{"start":{"line":233,"column":26},"end":{"line":233,"column":47}},{"start":{"line":233,"column":51},"end":{"line":233,"column":72}},{"start":{"line":233,"column":76},"end":{"line":233,"column":77}}],"line":233},"39":{"loc":{"start":{"line":266,"column":38},"end":{"line":266,"column":56}},"type":"default-arg","locations":[{"start":{"line":266,"column":54},"end":{"line":266,"column":56}}],"line":266},"40":{"loc":{"start":{"line":268,"column":8},"end":{"line":270,"column":68}},"type":"binary-expr","locations":[{"start":{"line":268,"column":8},"end":{"line":268,"column":24}},{"start":{"line":269,"column":9},"end":{"line":269,"column":64}},{"start":{"line":270,"column":12},"end":{"line":270,"column":67}}],"line":268},"41":{"loc":{"start":{"line":269,"column":22},"end":{"line":269,"column":63}},"type":"binary-expr","locations":[{"start":{"line":269,"column":22},"end":{"line":269,"column":37}},{"start":{"line":269,"column":41},"end":{"line":269,"column":63}}],"line":269},"42":{"loc":{"start":{"line":270,"column":25},"end":{"line":270,"column":66}},"type":"binary-expr","locations":[{"start":{"line":270,"column":25},"end":{"line":270,"column":40}},{"start":{"line":270,"column":44},"end":{"line":270,"column":66}}],"line":270},"43":{"loc":{"start":{"line":272,"column":15},"end":{"line":272,"column":46}},"type":"binary-expr","locations":[{"start":{"line":272,"column":15},"end":{"line":272,"column":25}},{"start":{"line":272,"column":29},"end":{"line":272,"column":46}}],"line":272},"44":{"loc":{"start":{"line":274,"column":4},"end":{"line":276,"column":5}},"type":"if","locations":[{"start":{"line":274,"column":4},"end":{"line":276,"column":5}},{"start":{"line":274,"column":4},"end":{"line":276,"column":5}}],"line":274},"45":{"loc":{"start":{"line":274,"column":8},"end":{"line":274,"column":71}},"type":"binary-expr","locations":[{"start":{"line":274,"column":8},"end":{"line":274,"column":17}},{"start":{"line":274,"column":21},"end":{"line":274,"column":71}}],"line":274},"46":{"loc":{"start":{"line":280,"column":4},"end":{"line":282,"column":5}},"type":"if","locations":[{"start":{"line":280,"column":4},"end":{"line":282,"column":5}},{"start":{"line":280,"column":4},"end":{"line":282,"column":5}}],"line":280},"47":{"loc":{"start":{"line":280,"column":8},"end":{"line":280,"column":77}},"type":"binary-expr","locations":[{"start":{"line":280,"column":8},"end":{"line":280,"column":17}},{"start":{"line":280,"column":21},"end":{"line":280,"column":77}}],"line":280},"48":{"loc":{"start":{"line":285,"column":21},"end":{"line":285,"column":50}},"type":"binary-expr","locations":[{"start":{"line":285,"column":21},"end":{"line":285,"column":30}},{"start":{"line":285,"column":34},"end":{"line":285,"column":50}}],"line":285},"49":{"loc":{"start":{"line":286,"column":21},"end":{"line":286,"column":85}},"type":"cond-expr","locations":[{"start":{"line":286,"column":33},"end":{"line":286,"column":62}},{"start":{"line":286,"column":65},"end":{"line":286,"column":85}}],"line":286},"50":{"loc":{"start":{"line":288,"column":24},"end":{"line":288,"column":94}},"type":"cond-expr","locations":[{"start":{"line":288,"column":36},"end":{"line":288,"column":68}},{"start":{"line":288,"column":71},"end":{"line":288,"column":94}}],"line":288},"51":{"loc":{"start":{"line":289,"column":16},"end":{"line":289,"column":43}},"type":"binary-expr","locations":[{"start":{"line":289,"column":16},"end":{"line":289,"column":24}},{"start":{"line":289,"column":28},"end":{"line":289,"column":43}}],"line":289},"52":{"loc":{"start":{"line":290,"column":22},"end":{"line":290,"column":61}},"type":"binary-expr","locations":[{"start":{"line":290,"column":22},"end":{"line":290,"column":36}},{"start":{"line":290,"column":40},"end":{"line":290,"column":61}}],"line":290},"53":{"loc":{"start":{"line":295,"column":12},"end":{"line":295,"column":35}},"type":"binary-expr","locations":[{"start":{"line":295,"column":13},"end":{"line":295,"column":17}},{"start":{"line":295,"column":21},"end":{"line":295,"column":27}},{"start":{"line":295,"column":32},"end":{"line":295,"column":35}}],"line":295},"54":{"loc":{"start":{"line":296,"column":12},"end":{"line":296,"column":35}},"type":"binary-expr","locations":[{"start":{"line":296,"column":13},"end":{"line":296,"column":17}},{"start":{"line":296,"column":21},"end":{"line":296,"column":27}},{"start":{"line":296,"column":32},"end":{"line":296,"column":35}}],"line":296},"55":{"loc":{"start":{"line":301,"column":20},"end":{"line":301,"column":88}},"type":"cond-expr","locations":[{"start":{"line":301,"column":32},"end":{"line":301,"column":63}},{"start":{"line":301,"column":66},"end":{"line":301,"column":88}}],"line":301},"56":{"loc":{"start":{"line":303,"column":15},"end":{"line":303,"column":57}},"type":"binary-expr","locations":[{"start":{"line":303,"column":15},"end":{"line":303,"column":46}},{"start":{"line":303,"column":50},"end":{"line":303,"column":57}}],"line":303},"57":{"loc":{"start":{"line":313,"column":14},"end":{"line":313,"column":55}},"type":"binary-expr","locations":[{"start":{"line":313,"column":14},"end":{"line":313,"column":29}},{"start":{"line":313,"column":33},"end":{"line":313,"column":55}}],"line":313},"58":{"loc":{"start":{"line":335,"column":4},"end":{"line":351,"column":5}},"type":"if","locations":[{"start":{"line":335,"column":4},"end":{"line":351,"column":5}},{"start":{"line":335,"column":4},"end":{"line":351,"column":5}}],"line":335},"59":{"loc":{"start":{"line":335,"column":8},"end":{"line":335,"column":43}},"type":"binary-expr","locations":[{"start":{"line":335,"column":8},"end":{"line":335,"column":13}},{"start":{"line":335,"column":17},"end":{"line":335,"column":28}},{"start":{"line":335,"column":32},"end":{"line":335,"column":43}}],"line":335},"60":{"loc":{"start":{"line":340,"column":20},"end":{"line":342,"column":46}},"type":"cond-expr","locations":[{"start":{"line":341,"column":26},"end":{"line":341,"column":99}},{"start":{"line":342,"column":26},"end":{"line":342,"column":46}}],"line":340},"61":{"loc":{"start":{"line":355,"column":66},"end":{"line":355,"column":78}},"type":"binary-expr","locations":[{"start":{"line":355,"column":66},"end":{"line":355,"column":72}},{"start":{"line":355,"column":76},"end":{"line":355,"column":78}}],"line":355},"62":{"loc":{"start":{"line":390,"column":62},"end":{"line":390,"column":75}},"type":"default-arg","locations":[{"start":{"line":390,"column":70},"end":{"line":390,"column":75}}],"line":390},"63":{"loc":{"start":{"line":391,"column":28},"end":{"line":391,"column":43}},"type":"cond-expr","locations":[{"start":{"line":391,"column":36},"end":{"line":391,"column":38}},{"start":{"line":391,"column":41},"end":{"line":391,"column":43}}],"line":391},"64":{"loc":{"start":{"line":396,"column":4},"end":{"line":402,"column":5}},"type":"if","locations":[{"start":{"line":396,"column":4},"end":{"line":402,"column":5}},{"start":{"line":396,"column":4},"end":{"line":402,"column":5}}],"line":396},"65":{"loc":{"start":{"line":396,"column":8},"end":{"line":396,"column":49}},"type":"binary-expr","locations":[{"start":{"line":396,"column":8},"end":{"line":396,"column":17}},{"start":{"line":396,"column":21},"end":{"line":396,"column":49}}],"line":396}},"s":{"0":2,"1":9,"2":9,"3":9,"4":123,"5":123,"6":123,"7":1,"8":122,"9":62,"10":60,"11":123,"12":9,"13":92,"14":92,"15":92,"16":44,"17":92,"18":29,"19":92,"20":92,"21":9,"22":9,"23":9,"24":71,"25":71,"26":71,"27":7,"28":71,"29":7,"30":71,"31":9,"32":9,"33":1,"34":9,"35":9,"36":92,"37":92,"38":632,"39":1,"40":92,"41":713,"42":1,"43":170,"44":170,"45":170,"46":170,"47":170,"48":170,"49":170,"50":0,"51":0,"52":0,"53":170,"54":170,"55":170,"56":170,"57":170,"58":170,"59":170,"60":84,"61":170,"62":170,"63":3,"64":170,"65":170,"66":0,"67":0,"68":170,"69":123,"70":123,"71":123,"72":123,"73":7,"74":123,"75":123,"76":1,"77":123,"78":123,"79":123,"80":123,"81":123,"82":123,"83":123,"84":123,"85":9,"86":9,"87":71,"88":9,"89":92,"90":9,"91":2,"92":6,"93":7,"94":65,"95":9,"96":92,"97":9,"98":9,"99":9,"100":9,"101":9,"102":9,"103":9,"104":3,"105":3,"106":3,"107":3,"108":3,"109":3,"110":3,"111":3},"f":{"0":9,"1":123,"2":9,"3":92,"4":9,"5":9,"6":632,"7":713,"8":170,"9":123,"10":9,"11":71,"12":92,"13":6,"14":65,"15":92,"16":3,"17":3},"b":{"0":[123,116,116],"1":[116,0],"2":[116,0],"3":[123,60,0,0],"4":[1,122],"5":[123,63],"6":[0,1],"7":[62,60],"8":[7,55],"9":[92,92],"10":[92,92],"11":[44,48],"12":[29,63],"13":[92,8],"14":[7,64],"15":[7,64],"16":[1,8],"17":[9,9],"18":[1,91],"19":[1,91],"20":[170,168,2],"21":[170,168,2],"22":[170,168,2],"23":[170,168,2],"24":[0,0,170],"25":[170,167],"26":[170,3,3],"27":[170,0],"28":[170,0],"29":[0,0],"30":[170,167],"31":[84,86],"32":[170,86,0],"33":[3,81],"34":[170,169],"35":[3,167],"36":[0,3],"37":[0,170],"38":[0,0,0],"39":[3],"40":[123,116,116],"41":[116,0],"42":[116,0],"43":[123,120],"44":[7,116],"45":[123,7],"46":[1,122],"47":[123,7],"48":[123,123],"49":[7,116],"50":[7,116],"51":[123,123],"52":[123,123],"53":[123,123,0],"54":[123,123,0],"55":[7,116],"56":[123,0],"57":[123,123],"58":[2,7],"59":[9,6,2],"60":[4,2],"61":[9,1],"62":[0],"63":[3,0],"64":[3,0],"65":[3,3]},"_coverageSchema":"332fd63041d2c1bcb487cc26dd0d5f7d97098a6c","hash":"2acdd89313cadace8bfc13ae42f1e893e828877e"}
,"/Users/jcapobianco/cbi_workspace/react-d3-graph/src/components/graph/graph.renderer.jsx": {"path":"/Users/jcapobianco/cbi_workspace/react-d3-graph/src/components/graph/graph.renderer.jsx","statementMap":{"0":{"start":{"line":28,"column":4},"end":{"line":46,"column":7}},"1":{"start":{"line":29,"column":35},"end":{"line":29,"column":39}},"2":{"start":{"line":31,"column":25},"end":{"line":31,"column":44}},"3":{"start":{"line":32,"column":25},"end":{"line":32,"column":44}},"4":{"start":{"line":33,"column":20},"end":{"line":33,"column":69}},"5":{"start":{"line":34,"column":22},"end":{"line":43,"column":9}},"6":{"start":{"line":45,"column":8},"end":{"line":45,"column":45}},"7":{"start":{"line":63,"column":4},"end":{"line":74,"column":7}},"8":{"start":{"line":64,"column":22},"end":{"line":71,"column":9}},"9":{"start":{"line":73,"column":8},"end":{"line":73,"column":48}},"10":{"start":{"line":130,"column":4},"end":{"line":142,"column":6}}},"fnMap":{"0":{"name":"_buildLinks","decl":{"start":{"line":27,"column":9},"end":{"line":27,"column":20}},"loc":{"start":{"line":27,"column":116},"end":{"line":47,"column":1}},"line":27},"1":{"name":"(anonymous_1)","decl":{"start":{"line":28,"column":21},"end":{"line":28,"column":22}},"loc":{"start":{"line":28,"column":29},"end":{"line":46,"column":5}},"line":28},"2":{"name":"_buildNodes","decl":{"start":{"line":62,"column":9},"end":{"line":62,"column":20}},"loc":{"start":{"line":62,"column":96},"end":{"line":75,"column":1}},"line":62},"3":{"name":"(anonymous_3)","decl":{"start":{"line":63,"column":34},"end":{"line":63,"column":35}},"loc":{"start":{"line":63,"column":44},"end":{"line":74,"column":5}},"line":63},"4":{"name":"buildGraph","decl":{"start":{"line":119,"column":9},"end":{"line":119,"column":19}},"loc":{"start":{"line":129,"column":2},"end":{"line":143,"column":1}},"line":129}},"branchMap":{"0":{"loc":{"start":{"line":31,"column":25},"end":{"line":31,"column":44}},"type":"binary-expr","locations":[{"start":{"line":31,"column":25},"end":{"line":31,"column":34}},{"start":{"line":31,"column":38},"end":{"line":31,"column":44}}],"line":31},"1":{"loc":{"start":{"line":32,"column":25},"end":{"line":32,"column":44}},"type":"binary-expr","locations":[{"start":{"line":32,"column":25},"end":{"line":32,"column":34}},{"start":{"line":32,"column":38},"end":{"line":32,"column":44}}],"line":32}},"s":{"0":6,"1":168,"2":168,"3":168,"4":168,"5":168,"6":168,"7":6,"8":120,"9":120,"10":6},"f":{"0":6,"1":168,"2":6,"3":120,"4":6},"b":{"0":[168,168],"1":[168,168]},"_coverageSchema":"332fd63041d2c1bcb487cc26dd0d5f7d97098a6c","hash":"f1d3d12e197e88c6dc64349e68a7275c5e0857d3"}
,"/Users/jcapobianco/cbi_workspace/react-d3-graph/src/components/link/Link.jsx": {"path":"/Users/jcapobianco/cbi_workspace/react-d3-graph/src/components/link/Link.jsx","statementMap":{"0":{"start":{"line":38,"column":30},"end":{"line":39,"column":91}},"1":{"start":{"line":45,"column":34},"end":{"line":46,"column":95}},"2":{"start":{"line":52,"column":33},"end":{"line":53,"column":94}},"3":{"start":{"line":56,"column":26},"end":{"line":60,"column":9}},"4":{"start":{"line":62,"column":26},"end":{"line":72,"column":9}},"5":{"start":{"line":74,"column":28},"end":{"line":84,"column":9}},"6":{"start":{"line":86,"column":8},"end":{"line":95,"column":10}}},"fnMap":{"0":{"name":"(anonymous_0)","decl":{"start":{"line":38,"column":24},"end":{"line":38,"column":25}},"loc":{"start":{"line":38,"column":30},"end":{"line":39,"column":91}},"line":38},"1":{"name":"(anonymous_1)","decl":{"start":{"line":45,"column":28},"end":{"line":45,"column":29}},"loc":{"start":{"line":45,"column":34},"end":{"line":46,"column":95}},"line":45},"2":{"name":"(anonymous_2)","decl":{"start":{"line":52,"column":27},"end":{"line":52,"column":28}},"loc":{"start":{"line":52,"column":33},"end":{"line":53,"column":94}},"line":52},"3":{"name":"(anonymous_3)","decl":{"start":{"line":55,"column":4},"end":{"line":55,"column":5}},"loc":{"start":{"line":55,"column":13},"end":{"line":96,"column":5}},"line":55}},"branchMap":{"0":{"loc":{"start":{"line":38,"column":30},"end":{"line":39,"column":91}},"type":"binary-expr","locations":[{"start":{"line":38,"column":30},"end":{"line":38,"column":52}},{"start":{"line":39,"column":31},"end":{"line":39,"column":91}}],"line":38},"1":{"loc":{"start":{"line":45,"column":34},"end":{"line":46,"column":95}},"type":"binary-expr","locations":[{"start":{"line":45,"column":34},"end":{"line":45,"column":60}},{"start":{"line":46,"column":31},"end":{"line":46,"column":95}}],"line":45},"2":{"loc":{"start":{"line":52,"column":33},"end":{"line":53,"column":94}},"type":"binary-expr","locations":[{"start":{"line":52,"column":33},"end":{"line":52,"column":58}},{"start":{"line":53,"column":31},"end":{"line":53,"column":94}}],"line":52}},"s":{"0":0,"1":0,"2":0,"3":170,"4":170,"5":170,"6":170},"f":{"0":0,"1":0,"2":0,"3":170},"b":{"0":[0,0],"1":[0,0],"2":[0,0]},"_coverageSchema":"332fd63041d2c1bcb487cc26dd0d5f7d97098a6c","hash":"61b47fb9d3c853ac452108fca53a4fdbf387a3d4"}
,"/Users/jcapobianco/cbi_workspace/react-d3-graph/src/components/node/Node.jsx": {"path":"/Users/jcapobianco/cbi_workspace/react-d3-graph/src/components/node/Node.jsx","statementMap":{"0":{"start":{"line":49,"column":30},"end":{"line":49,"column":93}},"1":{"start":{"line":55,"column":34},"end":{"line":55,"column":105}},"2":{"start":{"line":61,"column":33},"end":{"line":61,"column":94}},"3":{"start":{"line":64,"column":26},"end":{"line":70,"column":9}},"4":{"start":{"line":72,"column":26},"end":{"line":79,"column":9}},"5":{"start":{"line":81,"column":21},"end":{"line":81,"column":36}},"6":{"start":{"line":82,"column":18},"end":{"line":82,"column":31}},"7":{"start":{"line":83,"column":18},"end":{"line":83,"column":31}},"8":{"start":{"line":87,"column":8},"end":{"line":112,"column":9}},"9":{"start":{"line":88,"column":27},"end":{"line":88,"column":36}},"10":{"start":{"line":89,"column":26},"end":{"line":89,"column":35}},"11":{"start":{"line":90,"column":23},"end":{"line":90,"column":32}},"12":{"start":{"line":91,"column":23},"end":{"line":91,"column":33}},"13":{"start":{"line":92,"column":30},"end":{"line":92,"column":54}},"14":{"start":{"line":94,"column":12},"end":{"line":98,"column":14}},"15":{"start":{"line":99,"column":12},"end":{"line":99,"column":96}},"16":{"start":{"line":102,"column":12},"end":{"line":102,"column":22}},"17":{"start":{"line":103,"column":12},"end":{"line":103,"column":22}},"18":{"start":{"line":105,"column":12},"end":{"line":105,"column":75}},"19":{"start":{"line":106,"column":12},"end":{"line":106,"column":45}},"20":{"start":{"line":107,"column":12},"end":{"line":107,"column":49}},"21":{"start":{"line":108,"column":12},"end":{"line":108,"column":59}},"22":{"start":{"line":110,"column":12},"end":{"line":110,"column":67}},"23":{"start":{"line":111,"column":12},"end":{"line":111,"column":43}},"24":{"start":{"line":114,"column":23},"end":{"line":120,"column":9}},"25":{"start":{"line":122,"column":8},"end":{"line":127,"column":10}}},"fnMap":{"0":{"name":"(anonymous_0)","decl":{"start":{"line":49,"column":24},"end":{"line":49,"column":25}},"loc":{"start":{"line":49,"column":30},"end":{"line":49,"column":93}},"line":49},"1":{"name":"(anonymous_1)","decl":{"start":{"line":55,"column":28},"end":{"line":55,"column":29}},"loc":{"start":{"line":55,"column":34},"end":{"line":55,"column":105}},"line":55},"2":{"name":"(anonymous_2)","decl":{"start":{"line":61,"column":27},"end":{"line":61,"column":28}},"loc":{"start":{"line":61,"column":33},"end":{"line":61,"column":94}},"line":61},"3":{"name":"(anonymous_3)","decl":{"start":{"line":63,"column":4},"end":{"line":63,"column":5}},"loc":{"start":{"line":63,"column":13},"end":{"line":128,"column":5}},"line":63}},"branchMap":{"0":{"loc":{"start":{"line":49,"column":30},"end":{"line":49,"column":93}},"type":"binary-expr","locations":[{"start":{"line":49,"column":30},"end":{"line":49,"column":52}},{"start":{"line":49,"column":56},"end":{"line":49,"column":93}}],"line":49},"1":{"loc":{"start":{"line":55,"column":34},"end":{"line":55,"column":105}},"type":"binary-expr","locations":[{"start":{"line":55,"column":34},"end":{"line":55,"column":60}},{"start":{"line":55,"column":64},"end":{"line":55,"column":105}}],"line":55},"2":{"loc":{"start":{"line":61,"column":33},"end":{"line":61,"column":94}},"type":"binary-expr","locations":[{"start":{"line":61,"column":33},"end":{"line":61,"column":54}},{"start":{"line":61,"column":58},"end":{"line":61,"column":94}}],"line":61},"3":{"loc":{"start":{"line":73,"column":16},"end":{"line":73,"column":52}},"type":"binary-expr","locations":[{"start":{"line":73,"column":16},"end":{"line":73,"column":29}},{"start":{"line":73,"column":33},"end":{"line":73,"column":52}}],"line":73},"4":{"loc":{"start":{"line":87,"column":8},"end":{"line":112,"column":9}},"type":"if","locations":[{"start":{"line":87,"column":8},"end":{"line":112,"column":9}},{"start":{"line":87,"column":8},"end":{"line":112,"column":9}}],"line":87},"5":{"loc":{"start":{"line":125,"column":17},"end":{"line":125,"column":48}},"type":"binary-expr","locations":[{"start":{"line":125,"column":17},"end":{"line":125,"column":39}},{"start":{"line":125,"column":43},"end":{"line":125,"column":48}}],"line":125}},"s":{"0":1,"1":4,"2":1,"3":124,"4":124,"5":124,"6":124,"7":124,"8":124,"9":0,"10":0,"11":0,"12":0,"13":0,"14":0,"15":0,"16":0,"17":0,"18":124,"19":124,"20":124,"21":124,"22":124,"23":124,"24":124,"25":124},"f":{"0":1,"1":4,"2":1,"3":124},"b":{"0":[1,1],"1":[4,4],"2":[1,1],"3":[124,4],"4":[0,124],"5":[124,124]},"_coverageSchema":"332fd63041d2c1bcb487cc26dd0d5f7d97098a6c","hash":"ed455490a0ef3a2563798a1d3e295aef9e0c1888"}
,"/Users/jcapobianco/cbi_workspace/react-d3-graph/src/components/node/node.const.js": {"path":"/Users/jcapobianco/cbi_workspace/react-d3-graph/src/components/node/node.const.js","statementMap":{},"fnMap":{},"branchMap":{},"s":{},"f":{},"b":{},"_coverageSchema":"332fd63041d2c1bcb487cc26dd0d5f7d97098a6c","hash":"2e2f0151717f6409f565f99f50c47210f76468a5"}
,"/Users/jcapobianco/cbi_workspace/react-d3-graph/src/components/node/node.helper.js": {"path":"/Users/jcapobianco/cbi_workspace/react-d3-graph/src/components/node/node.helper.js","statementMap":{"0":{"start":{"line":28,"column":4},"end":{"line":45,"column":5}},"1":{"start":{"line":30,"column":12},"end":{"line":30,"column":34}},"2":{"start":{"line":32,"column":12},"end":{"line":32,"column":33}},"3":{"start":{"line":34,"column":12},"end":{"line":34,"column":35}},"4":{"start":{"line":36,"column":12},"end":{"line":36,"column":34}},"5":{"start":{"line":38,"column":12},"end":{"line":38,"column":32}},"6":{"start":{"line":40,"column":12},"end":{"line":40,"column":36}},"7":{"start":{"line":42,"column":12},"end":{"line":42,"column":31}},"8":{"start":{"line":44,"column":12},"end":{"line":44,"column":34}},"9":{"start":{"line":57,"column":4},"end":{"line":59,"column":62}},"10":{"start":{"line":58,"column":20},"end":{"line":58,"column":24}},"11":{"start":{"line":59,"column":20},"end":{"line":59,"column":58}}},"fnMap":{"0":{"name":"_convertTypeToD3Symbol","decl":{"start":{"line":27,"column":9},"end":{"line":27,"column":31}},"loc":{"start":{"line":27,"column":42},"end":{"line":46,"column":1}},"line":27},"1":{"name":"buildSvgSymbol","decl":{"start":{"line":56,"column":9},"end":{"line":56,"column":23}},"loc":{"start":{"line":56,"column":95},"end":{"line":60,"column":1}},"line":56},"2":{"name":"(anonymous_2)","decl":{"start":{"line":58,"column":14},"end":{"line":58,"column":15}},"loc":{"start":{"line":58,"column":20},"end":{"line":58,"column":24}},"line":58},"3":{"name":"(anonymous_3)","decl":{"start":{"line":59,"column":14},"end":{"line":59,"column":15}},"loc":{"start":{"line":59,"column":20},"end":{"line":59,"column":58}},"line":59}},"branchMap":{"0":{"loc":{"start":{"line":28,"column":4},"end":{"line":45,"column":5}},"type":"switch","locations":[{"start":{"line":29,"column":8},"end":{"line":30,"column":34}},{"start":{"line":31,"column":8},"end":{"line":32,"column":33}},{"start":{"line":33,"column":8},"end":{"line":34,"column":35}},{"start":{"line":35,"column":8},"end":{"line":36,"column":34}},{"start":{"line":37,"column":8},"end":{"line":38,"column":32}},{"start":{"line":39,"column":8},"end":{"line":40,"column":36}},{"start":{"line":41,"column":8},"end":{"line":42,"column":31}},{"start":{"line":43,"column":8},"end":{"line":44,"column":34}}],"line":28},"1":{"loc":{"start":{"line":56,"column":24},"end":{"line":56,"column":54}},"type":"default-arg","locations":[{"start":{"line":56,"column":31},"end":{"line":56,"column":54}}],"line":56},"2":{"loc":{"start":{"line":56,"column":56},"end":{"line":56,"column":93}},"type":"default-arg","locations":[{"start":{"line":56,"column":73},"end":{"line":56,"column":93}}],"line":56}},"s":{"0":124,"1":124,"2":0,"3":0,"4":0,"5":0,"6":0,"7":0,"8":0,"9":124,"10":124,"11":124},"f":{"0":124,"1":124,"2":124,"3":124},"b":{"0":[124,0,0,0,0,0,0,0],"1":[0],"2":[0]},"_coverageSchema":"332fd63041d2c1bcb487cc26dd0d5f7d97098a6c","hash":"ea59084112150a95759f3029b380d4530e358836"}
}
