TN:
SF:/Users/jcapobianco/cbi_workspace/react-d3-graph/src/const.js
FNF:0
FNH:0
LF:0
LH:0
BRF:0
BRH:0
end_of_record
TN:
SF:/Users/jcapobianco/cbi_workspace/react-d3-graph/src/err.js
FNF:0
FNH:0
LF:0
LH:0
BRF:0
BRH:0
end_of_record
TN:
SF:/Users/jcapobianco/cbi_workspace/react-d3-graph/src/index.js
FNF:0
FNH:0
DA:1,0
DA:2,0
DA:3,0
LF:3
LH:0
BRF:0
BRH:0
end_of_record
TN:
SF:/Users/jcapobianco/cbi_workspace/react-d3-graph/src/utils.js
FN:19,_isPropertyNestedObject
FN:31,isDeepEqual
FN:75,isObjectEmpty
FN:89,merge
FN:103,(anonymous_4)
FN:120,pick
FN:121,(anonymous_6)
FN:137,throwErr
FNF:8
FNH:8
FNDA:749,_isPropertyNestedObject
FNDA:233,isDeepEqual
FNDA:1518,isObjectEmpty
FNDA:16,merge
FNDA:3,(anonymous_4)
FNDA:5,pick
FNDA:12,(anonymous_6)
FNDA:1,throwErr
DA:10,3
DA:20,749
DA:32,233
DA:34,233
DA:35,1
DA:38,232
DA:39,2
DA:42,230
DA:43,230
DA:45,230
DA:46,2
DA:49,228
DA:50,525
DA:52,525
DA:53,216
DA:55,309
DA:57,309
DA:59,309
DA:60,8
DA:65,228
DA:76,1518
DA:90,16
DA:92,16
DA:93,1
DA:96,15
DA:97,121
DA:99,121
DA:100,10
DA:102,10
DA:103,3
DA:105,111
DA:109,15
DA:121,5
DA:122,12
DA:123,10
DA:126,12
DA:138,1
DA:140,1
LF:38
LH:38
BRDA:20,0,0,749
BRDA:20,0,1,749
BRDA:20,0,2,505
BRDA:20,0,3,477
BRDA:31,1,0,17
BRDA:34,2,0,1
BRDA:34,2,1,232
BRDA:34,3,0,233
BRDA:34,3,1,17
BRDA:38,4,0,2
BRDA:38,4,1,230
BRDA:38,5,0,232
BRDA:38,5,1,2
BRDA:38,5,2,231
BRDA:38,5,3,230
BRDA:45,6,0,2
BRDA:45,6,1,228
BRDA:50,7,0,525
BRDA:50,7,1,224
BRDA:52,8,0,216
BRDA:52,8,1,309
BRDA:52,9,0,525
BRDA:52,9,1,224
BRDA:55,10,0,309
BRDA:55,10,1,29
BRDA:55,10,2,280
BRDA:55,10,3,280
BRDA:59,11,0,8
BRDA:59,11,1,301
BRDA:76,12,0,1518
BRDA:76,12,1,1426
BRDA:76,12,2,1242
BRDA:89,13,0,0
BRDA:89,14,0,1
BRDA:89,15,0,6
BRDA:92,16,0,1
BRDA:92,16,1,15
BRDA:92,17,0,16
BRDA:92,17,1,1
BRDA:93,18,0,1
BRDA:93,18,1,0
BRDA:93,19,0,1
BRDA:93,19,1,1
BRDA:97,20,0,121
BRDA:97,20,1,41
BRDA:97,20,2,10
BRDA:97,20,3,10
BRDA:99,21,0,10
BRDA:99,21,1,111
BRDA:103,22,0,1
BRDA:103,22,1,9
BRDA:103,23,0,10
BRDA:103,23,1,1
BRDA:105,24,0,31
BRDA:105,24,1,80
BRDA:122,25,0,10
BRDA:122,25,1,2
BRDA:122,26,0,12
BRDA:122,26,1,12
BRF:59
BRH:57
end_of_record
TN:
SF:/Users/jcapobianco/cbi_workspace/react-d3-graph/src/components/graph/Graph.jsx
FN:99,(anonymous_0)
FN:103,(anonymous_1)
FN:123,(anonymous_2)
FN:137,(anonymous_3)
FN:159,(anonymous_4)
FN:167,(anonymous_5)
FN:178,(anonymous_6)
FN:185,(anonymous_7)
FN:196,(anonymous_8)
FN:209,(anonymous_9)
FN:220,(anonymous_10)
FN:232,(anonymous_11)
FN:248,(anonymous_12)
FN:263,(anonymous_13)
FN:271,(anonymous_14)
FN:293,(anonymous_15)
FN:295,(anonymous_16)
FN:305,(anonymous_17)
FN:332,(anonymous_18)
FN:348,(anonymous_19)
FN:357,(anonymous_20)
FN:361,(anonymous_21)
FNF:22
FNH:9
FNDA:0,(anonymous_0)
FNDA:0,(anonymous_1)
FNDA:0,(anonymous_2)
FNDA:0,(anonymous_3)
FNDA:0,(anonymous_4)
FNDA:3,(anonymous_5)
FNDA:3,(anonymous_6)
FNDA:3,(anonymous_7)
FNDA:0,(anonymous_8)
FNDA:3,(anonymous_9)
FNDA:0,(anonymous_10)
FNDA:0,(anonymous_11)
FNDA:0,(anonymous_12)
FNDA:3,(anonymous_13)
FNDA:0,(anonymous_14)
FNDA:0,(anonymous_15)
FNDA:3,(anonymous_16)
FNDA:0,(anonymous_17)
FNDA:3,(anonymous_18)
FNDA:3,(anonymous_19)
FNDA:0,(anonymous_20)
FNDA:6,(anonymous_21)
DA:17,1
DA:100,0
DA:102,0
DA:103,0
DA:107,0
DA:109,0
DA:114,0
DA:124,0
DA:138,0
DA:140,0
DA:142,0
DA:144,0
DA:145,0
DA:148,0
DA:149,0
DA:151,0
DA:159,0
DA:168,3
DA:178,3
DA:186,3
DA:197,0
DA:199,0
DA:201,0
DA:210,3
DA:212,3
DA:221,0
DA:223,0
DA:233,0
DA:235,0
DA:236,0
DA:238,0
DA:249,0
DA:251,0
DA:252,0
DA:254,0
DA:263,3
DA:272,0
DA:273,0
DA:274,0
DA:276,0
DA:277,0
DA:278,0
DA:282,0
DA:284,0
DA:293,0
DA:296,3
DA:298,3
DA:299,0
DA:302,3
DA:307,0
DA:314,0
DA:315,0
DA:316,0
DA:319,0
DA:321,0
DA:323,0
DA:334,3
DA:336,3
DA:337,0
DA:338,0
DA:339,0
DA:342,3
DA:343,0
DA:344,0
DA:349,3
DA:350,0
DA:354,3
DA:358,0
DA:362,6
DA:382,6
DA:387,6
LF:71
LH:18
BRDA:124,0,0,0
BRDA:124,0,1,0
BRDA:124,0,2,0
BRDA:140,1,0,0
BRDA:140,1,1,0
BRDA:167,2,0,0
BRDA:178,3,0,0
BRDA:201,4,0,0
BRDA:201,4,1,0
BRDA:210,5,0,3
BRDA:210,5,1,3
BRDA:212,6,0,3
BRDA:212,6,1,3
BRDA:221,7,0,0
BRDA:221,7,1,0
BRDA:223,8,0,0
BRDA:223,8,1,0
BRDA:233,9,0,0
BRDA:233,9,1,0
BRDA:235,10,0,0
BRDA:235,10,1,0
BRDA:249,11,0,0
BRDA:249,11,1,0
BRDA:251,12,0,0
BRDA:251,12,1,0
BRDA:272,13,0,0
BRDA:272,13,1,0
BRDA:276,14,0,0
BRDA:276,14,1,0
BRDA:276,15,0,0
BRDA:276,15,1,0
BRDA:293,16,0,0
BRDA:293,16,1,0
BRDA:298,17,0,0
BRDA:298,17,1,3
BRDA:307,18,0,0
BRDA:307,18,1,0
BRDA:307,18,2,0
BRDA:314,19,0,0
BRDA:314,19,1,0
BRDA:315,20,0,0
BRDA:315,20,1,0
BRDA:316,21,0,0
BRDA:316,21,1,0
BRDA:316,22,0,0
BRDA:316,22,1,0
BRDA:319,23,0,0
BRDA:319,23,1,0
BRDA:321,24,0,0
BRDA:321,24,1,0
BRDA:334,25,0,3
BRDA:334,25,1,3
BRDA:336,26,0,0
BRDA:336,26,1,3
BRDA:336,27,0,3
BRDA:336,27,1,0
BRDA:342,28,0,0
BRDA:342,28,1,3
BRDA:349,29,0,0
BRDA:349,29,1,3
BRF:60
BRH:11
end_of_record
TN:
SF:/Users/jcapobianco/cbi_workspace/react-d3-graph/src/components/graph/graph.config.js
FNF:0
FNH:0
LF:0
LH:0
BRF:0
BRH:0
end_of_record
TN:
SF:/Users/jcapobianco/cbi_workspace/react-d3-graph/src/components/graph/graph.const.js
FNF:0
FNH:0
LF:0
LH:0
BRF:0
BRH:0
end_of_record
TN:
SF:/Users/jcapobianco/cbi_workspace/react-d3-graph/src/components/graph/graph.helper.js
FN:47,_createForceSimulation
FN:66,_getNodeOpacity
FN:97,_initializeLinks
FN:98,(anonymous_3)
FN:126,_initializeNodes
FN:158,_validateGraphData
FN:168,(anonymous_6)
FN:171,(anonymous_7)
FN:190,buildLinkProps
FN:266,buildNodeProps
FN:327,initializeGraphState
FN:332,(anonymous_11)
FN:333,(anonymous_12)
FN:339,(anonymous_13)
FN:348,(anonymous_14)
FN:353,(anonymous_15)
FN:390,updateNodeHighlightedValue
FN:397,(anonymous_17)
FNF:18
FNH:18
FNDA:9,_createForceSimulation
FNDA:123,_getNodeOpacity
FNDA:9,_initializeLinks
FNDA:92,(anonymous_3)
FNDA:9,_initializeNodes
FNDA:9,_validateGraphData
FNDA:632,(anonymous_6)
FNDA:713,(anonymous_7)
FNDA:170,buildLinkProps
FNDA:123,buildNodeProps
FNDA:9,initializeGraphState
FNDA:71,(anonymous_11)
FNDA:92,(anonymous_12)
FNDA:6,(anonymous_13)
FNDA:65,(anonymous_14)
FNDA:92,(anonymous_15)
FNDA:3,updateNodeHighlightedValue
FNDA:3,(anonymous_17)
DA:35,2
DA:48,9
DA:49,9
DA:51,9
DA:68,123
DA:71,123
DA:77,123
DA:78,1
DA:79,122
DA:80,62
DA:82,60
DA:85,123
DA:98,9
DA:99,92
DA:100,92
DA:102,92
DA:103,44
DA:106,92
DA:107,29
DA:111,92
DA:113,92
DA:127,9
DA:128,9
DA:130,9
DA:131,71
DA:133,71
DA:135,71
DA:136,7
DA:138,71
DA:139,7
DA:142,71
DA:145,9
DA:159,9
DA:160,1
DA:163,9
DA:165,9
DA:166,92
DA:168,632
DA:169,1
DA:171,713
DA:172,1
DA:191,170
DA:193,170
DA:194,170
DA:195,170
DA:196,170
DA:198,170
DA:200,170
DA:202,0
DA:204,0
DA:205,0
DA:208,170
DA:209,170
DA:212,170
DA:214,170
DA:216,170
DA:218,170
DA:220,170
DA:221,84
DA:224,170
DA:226,170
DA:227,3
DA:230,170
DA:232,170
DA:233,0
DA:235,0
DA:238,170
DA:268,123
DA:271,123
DA:272,123
DA:274,123
DA:275,7
DA:278,123
DA:280,123
DA:281,1
DA:284,123
DA:285,123
DA:286,123
DA:287,123
DA:288,123
DA:289,123
DA:290,123
DA:292,123
DA:330,9
DA:332,71
DA:333,92
DA:335,9
DA:337,2
DA:340,6
DA:347,7
DA:348,65
DA:353,92
DA:355,9
DA:356,9
DA:357,9
DA:358,9
DA:359,9
DA:360,9
DA:362,9
DA:391,3
DA:392,3
DA:393,3
DA:396,3
DA:397,3
DA:398,3
DA:400,3
DA:404,3
LF:107
LH:102
BRDA:68,0,0,123
BRDA:68,0,1,116
BRDA:68,0,2,116
BRDA:69,1,0,116
BRDA:69,1,1,0
BRDA:70,2,0,116
BRDA:70,2,1,0
BRDA:72,3,0,123
BRDA:72,3,1,60
BRDA:72,3,2,0
BRDA:72,3,3,0
BRDA:77,4,0,1
BRDA:77,4,1,122
BRDA:77,5,0,123
BRDA:77,5,1,63
BRDA:78,6,0,0
BRDA:78,6,1,1
BRDA:79,7,0,62
BRDA:79,7,1,60
BRDA:80,8,0,7
BRDA:80,8,1,55
BRDA:99,9,0,92
BRDA:99,9,1,92
BRDA:100,10,0,92
BRDA:100,10,1,92
BRDA:102,11,0,44
BRDA:102,11,1,48
BRDA:106,12,0,29
BRDA:106,12,1,63
BRDA:111,13,0,92
BRDA:111,13,1,8
BRDA:135,14,0,7
BRDA:135,14,1,64
BRDA:138,15,0,7
BRDA:138,15,1,64
BRDA:159,16,0,1
BRDA:159,16,1,8
BRDA:159,17,0,9
BRDA:159,17,1,9
BRDA:168,18,0,1
BRDA:168,18,1,91
BRDA:171,19,0,1
BRDA:171,19,1,91
BRDA:193,20,0,170
BRDA:193,20,1,168
BRDA:193,20,2,2
BRDA:194,21,0,170
BRDA:194,21,1,168
BRDA:194,21,2,2
BRDA:195,22,0,170
BRDA:195,22,1,168
BRDA:195,22,2,2
BRDA:196,23,0,170
BRDA:196,23,1,168
BRDA:196,23,2,2
BRDA:200,24,0,0
BRDA:200,24,1,0
BRDA:200,24,2,170
BRDA:208,25,0,170
BRDA:208,25,1,167
BRDA:212,26,0,170
BRDA:212,26,1,3
BRDA:212,26,2,3
BRDA:214,27,0,170
BRDA:214,27,1,0
BRDA:214,28,0,170
BRDA:214,28,1,0
BRDA:215,29,0,0
BRDA:215,29,1,0
BRDA:216,30,0,170
BRDA:216,30,1,167
BRDA:220,31,0,84
BRDA:220,31,1,86
BRDA:220,32,0,170
BRDA:220,32,1,86
BRDA:220,32,2,0
BRDA:221,33,0,3
BRDA:221,33,1,81
BRDA:224,34,0,170
BRDA:224,34,1,169
BRDA:226,35,0,3
BRDA:226,35,1,167
BRDA:227,36,0,0
BRDA:227,36,1,3
BRDA:232,37,0,0
BRDA:232,37,1,170
BRDA:233,38,0,0
BRDA:233,38,1,0
BRDA:233,38,2,0
BRDA:266,39,0,3
BRDA:268,40,0,123
BRDA:268,40,1,116
BRDA:268,40,2,116
BRDA:269,41,0,116
BRDA:269,41,1,0
BRDA:270,42,0,116
BRDA:270,42,1,0
BRDA:272,43,0,123
BRDA:272,43,1,120
BRDA:274,44,0,7
BRDA:274,44,1,116
BRDA:274,45,0,123
BRDA:274,45,1,7
BRDA:280,46,0,1
BRDA:280,46,1,122
BRDA:280,47,0,123
BRDA:280,47,1,7
BRDA:285,48,0,123
BRDA:285,48,1,123
BRDA:286,49,0,7
BRDA:286,49,1,116
BRDA:288,50,0,7
BRDA:288,50,1,116
BRDA:289,51,0,123
BRDA:289,51,1,123
BRDA:290,52,0,123
BRDA:290,52,1,123
BRDA:295,53,0,123
BRDA:295,53,1,123
BRDA:295,53,2,0
BRDA:296,54,0,123
BRDA:296,54,1,123
BRDA:296,54,2,0
BRDA:301,55,0,7
BRDA:301,55,1,116
BRDA:303,56,0,123
BRDA:303,56,1,0
BRDA:313,57,0,123
BRDA:313,57,1,123
BRDA:335,58,0,2
BRDA:335,58,1,7
BRDA:335,59,0,9
BRDA:335,59,1,6
BRDA:335,59,2,2
BRDA:340,60,0,4
BRDA:340,60,1,2
BRDA:355,61,0,9
BRDA:355,61,1,1
BRDA:390,62,0,0
BRDA:391,63,0,3
BRDA:391,63,1,0
BRDA:396,64,0,3
BRDA:396,64,1,0
BRDA:396,65,0,3
BRDA:396,65,1,3
BRF:145
BRH:120
end_of_record
TN:
SF:/Users/jcapobianco/cbi_workspace/react-d3-graph/src/components/graph/graph.renderer.jsx
FN:27,_buildLinks
FN:28,(anonymous_1)
FN:62,_buildNodes
FN:63,(anonymous_3)
FN:119,buildGraph
FNF:5
FNH:5
FNDA:6,_buildLinks
FNDA:168,(anonymous_1)
FNDA:6,_buildNodes
FNDA:120,(anonymous_3)
FNDA:6,buildGraph
DA:28,6
DA:29,168
DA:31,168
DA:32,168
DA:33,168
DA:34,168
DA:45,168
DA:63,6
DA:64,120
DA:73,120
DA:130,6
LF:11
LH:11
BRDA:31,0,0,168
BRDA:31,0,1,168
BRDA:32,1,0,168
BRDA:32,1,1,168
BRF:4
BRH:4
end_of_record
TN:
SF:/Users/jcapobianco/cbi_workspace/react-d3-graph/src/components/link/Link.jsx
FN:38,(anonymous_0)
FN:45,(anonymous_1)
FN:52,(anonymous_2)
FN:55,(anonymous_3)
FNF:4
FNH:1
FNDA:0,(anonymous_0)
FNDA:0,(anonymous_1)
FNDA:0,(anonymous_2)
FNDA:170,(anonymous_3)
DA:38,0
DA:45,0
DA:52,0
DA:56,170
DA:62,170
DA:74,170
DA:86,170
LF:7
LH:4
BRDA:38,0,0,0
BRDA:38,0,1,0
BRDA:45,1,0,0
BRDA:45,1,1,0
BRDA:52,2,0,0
BRDA:52,2,1,0
BRF:6
BRH:0
end_of_record
TN:
SF:/Users/jcapobianco/cbi_workspace/react-d3-graph/src/components/node/Node.jsx
FN:49,(anonymous_0)
FN:55,(anonymous_1)
FN:61,(anonymous_2)
FN:63,(anonymous_3)
FNF:4
FNH:4
FNDA:1,(anonymous_0)
FNDA:4,(anonymous_1)
FNDA:1,(anonymous_2)
FNDA:124,(anonymous_3)
DA:49,1
DA:55,4
DA:61,1
DA:64,124
DA:72,124
DA:81,124
DA:82,124
DA:83,124
DA:87,124
DA:88,0
DA:89,0
DA:90,0
DA:91,0
DA:92,0
DA:94,0
DA:99,0
DA:102,0
DA:103,0
DA:105,124
DA:106,124
DA:107,124
DA:108,124
DA:110,124
DA:111,124
DA:114,124
DA:122,124
LF:26
LH:17
BRDA:49,0,0,1
BRDA:49,0,1,1
BRDA:55,1,0,4
BRDA:55,1,1,4
BRDA:61,2,0,1
BRDA:61,2,1,1
BRDA:73,3,0,124
BRDA:73,3,1,4
BRDA:87,4,0,0
BRDA:87,4,1,124
BRDA:125,5,0,124
BRDA:125,5,1,124
BRF:12
BRH:11
end_of_record
TN:
SF:/Users/jcapobianco/cbi_workspace/react-d3-graph/src/components/node/node.const.js
FNF:0
FNH:0
LF:0
LH:0
BRF:0
BRH:0
end_of_record
TN:
SF:/Users/jcapobianco/cbi_workspace/react-d3-graph/src/components/node/node.helper.js
FN:27,_convertTypeToD3Symbol
FN:56,buildSvgSymbol
FN:58,(anonymous_2)
FN:59,(anonymous_3)
FNF:4
FNH:4
FNDA:124,_convertTypeToD3Symbol
FNDA:124,buildSvgSymbol
FNDA:124,(anonymous_2)
FNDA:124,(anonymous_3)
DA:28,124
DA:30,124
DA:32,0
DA:34,0
DA:36,0
DA:38,0
DA:40,0
DA:42,0
DA:44,0
DA:57,124
DA:58,124
DA:59,124
LF:12
LH:5
BRDA:28,0,0,124
BRDA:28,0,1,0
BRDA:28,0,2,0
BRDA:28,0,3,0
BRDA:28,0,4,0
BRDA:28,0,5,0
BRDA:28,0,6,0
BRDA:28,0,7,0
BRDA:56,1,0,0
BRDA:56,2,0,0
BRF:10
BRH:1
end_of_record
